[0.007s] Invoking command in '/home/arcs/watcher/ros2_ws/build/zed_components': CMAKE_PREFIX_PATH=/opt/ros/humble /usr/bin/cmake /home/arcs/watcher/ros2_ws/src/zed-ros2-wrapper/zed_components -DCMAKE_INSTALL_PREFIX=/home/arcs/watcher/ros2_ws/install/zed_components
[0.040s] -- Found CUDA: /usr/local/cuda (found suitable version "12.6", minimum required is "12") 
[0.068s] -- Found CUDA: /usr/local/cuda (found version "12.6") 
[0.069s] -- Found ament_cmake_auto: 1.3.11 (/opt/ros/humble/share/ament_cmake_auto/cmake)
[0.207s] -- Found rosidl_generator_c: 3.1.6 (/opt/ros/humble/share/rosidl_generator_c/cmake)
[0.208s] -- Found rosidl_adapter: 3.1.6 (/opt/ros/humble/share/rosidl_adapter/cmake)
[0.213s] -- Found rosidl_generator_cpp: 3.1.6 (/opt/ros/humble/share/rosidl_generator_cpp/cmake)
[0.219s] -- Using all available rosidl_typesupport_c: rosidl_typesupport_fastrtps_c;rosidl_typesupport_introspection_c
[0.228s] -- Using all available rosidl_typesupport_cpp: rosidl_typesupport_fastrtps_cpp;rosidl_typesupport_introspection_cpp
[0.294s] -- Found rmw_implementation_cmake: 6.1.2 (/opt/ros/humble/share/rmw_implementation_cmake/cmake)
[0.295s] -- Found rmw_fastrtps_cpp: 6.2.7 (/opt/ros/humble/share/rmw_fastrtps_cpp/cmake)
[0.361s] -- Using RMW implementation 'rmw_fastrtps_cpp' as default
[0.514s] -- Found eigen3_cmake_module: 0.1.1 (/opt/ros/humble/share/eigen3_cmake_module/cmake)
[0.515s] -- Ensuring Eigen3 include directory is part of orocos-kdl CMake target
[0.610s] -- Found ament_lint_auto: 0.12.12 (/opt/ros/humble/share/ament_lint_auto/cmake)
[0.652s] -- Added test 'copyright' to check source files copyright and LICENSE
[0.653s] -- Added test 'cppcheck' to perform static code analysis on C / C++ code
[0.654s] -- Configured cppcheck include dirs: /home/arcs/watcher/ros2_ws/src/zed-ros2-wrapper/zed_components/src/include;/home/arcs/watcher/ros2_ws/src/zed-ros2-wrapper/zed_components/src/zed_camera/include;/home/arcs/watcher/ros2_ws/src/zed-ros2-wrapper/zed_components/src/tools/include
[0.654s] -- Configured cppcheck exclude dirs and/or files: 
[0.654s] -- Added test 'lint_cmake' to check CMake code style
[0.655s] -- Added test 'uncrustify' to check C / C++ code style
[0.656s] -- Configured uncrustify additional arguments: 
[0.656s] -- Added test 'xmllint' to check XML markup files
[0.659s] -- Configuring done
[0.681s] -- Generating done
[0.687s] -- Build files have been written to: /home/arcs/watcher/ros2_ws/build/zed_components
[0.695s] Invoked command in '/home/arcs/watcher/ros2_ws/build/zed_components' returned '0': CMAKE_PREFIX_PATH=/opt/ros/humble /usr/bin/cmake /home/arcs/watcher/ros2_ws/src/zed-ros2-wrapper/zed_components -DCMAKE_INSTALL_PREFIX=/home/arcs/watcher/ros2_ws/install/zed_components
[0.696s] Invoking command in '/home/arcs/watcher/ros2_ws/build/zed_components': CMAKE_PREFIX_PATH=/opt/ros/humble /usr/bin/cmake --build /home/arcs/watcher/ros2_ws/build/zed_components -- -j12 -l12
[0.729s] [ 20%] [32mBuilding CXX object CMakeFiles/zed_camera_one_component.dir/src/tools/src/gnss_replay.cpp.o[0m
[0.729s] [ 20%] [32mBuilding CXX object CMakeFiles/zed_camera_component.dir/src/zed_camera/src/zed_camera_component.cpp.o[0m
[0.730s] [ 30%] [32mBuilding CXX object CMakeFiles/zed_camera_one_component.dir/src/tools/src/sl_tools.cpp.o[0m
[0.730s] [ 50%] [32mBuilding CXX object CMakeFiles/zed_camera_component.dir/src/tools/src/sl_tools.cpp.o[0m
[0.730s] [ 50%] [32mBuilding CXX object CMakeFiles/zed_camera_one_component.dir/src/tools/src/sl_win_avg.cpp.o[0m
[0.730s] [ 70%] [32mBuilding CXX object CMakeFiles/zed_camera_component.dir/src/tools/src/gnss_replay.cpp.o[0m
[0.730s] [ 70%] [32mBuilding CXX object CMakeFiles/zed_camera_component.dir/src/tools/src/sl_win_avg.cpp.o[0m
[0.732s] [ 80%] [32mBuilding CXX object CMakeFiles/zed_camera_one_component.dir/src/zed_camera/src/zed_camera_one_component.cpp.o[0m
[14.809s] [ 90%] [32m[1mLinking CXX shared library libzed_camera_one_component.so[0m
[15.132s] [ 90%] Built target zed_camera_one_component
[48.319s] [100%] [32m[1mLinking CXX shared library libzed_camera_component.so[0m
[48.692s] [100%] Built target zed_camera_component
[48.709s] Invoked command in '/home/arcs/watcher/ros2_ws/build/zed_components' returned '0': CMAKE_PREFIX_PATH=/opt/ros/humble /usr/bin/cmake --build /home/arcs/watcher/ros2_ws/build/zed_components -- -j12 -l12
[48.734s] Invoking command in '/home/arcs/watcher/ros2_ws/build/zed_components': CMAKE_PREFIX_PATH=/opt/ros/humble /usr/bin/cmake --install /home/arcs/watcher/ros2_ws/build/zed_components
[48.741s] -- Install configuration: "Release"
[48.741s] -- Installing: /home/arcs/watcher/ros2_ws/install/zed_components/lib/libzed_camera_component.so
[48.744s] -- Set runtime path of "/home/arcs/watcher/ros2_ws/install/zed_components/lib/libzed_camera_component.so" to ""
[48.744s] -- Installing: /home/arcs/watcher/ros2_ws/install/zed_components/lib/libzed_camera_one_component.so
[48.745s] -- Set runtime path of "/home/arcs/watcher/ros2_ws/install/zed_components/lib/libzed_camera_one_component.so" to ""
[48.745s] -- Installing: /home/arcs/watcher/ros2_ws/install/zed_components/include/zed_components/
[48.745s] -- Installing: /home/arcs/watcher/ros2_ws/install/zed_components/include/zed_components//sl_types.hpp
[48.745s] -- Installing: /home/arcs/watcher/ros2_ws/install/zed_components/include/zed_components//zed_camera_component.hpp
[48.745s] -- Installing: /home/arcs/watcher/ros2_ws/install/zed_components/include/zed_components//cost_traversability.hpp
[48.745s] -- Installing: /home/arcs/watcher/ros2_ws/install/zed_components/include/zed_components//zed_camera_one_component.hpp
[48.745s] -- Up-to-date: /home/arcs/watcher/ros2_ws/install/zed_components/include/zed_components/
[48.745s] -- Installing: /home/arcs/watcher/ros2_ws/install/zed_components/include/zed_components//sl_tools.hpp
[48.745s] -- Installing: /home/arcs/watcher/ros2_ws/install/zed_components/include/zed_components//json.hpp
[48.746s] -- Installing: /home/arcs/watcher/ros2_ws/install/zed_components/include/zed_components//sl_logging.hpp
[48.746s] -- Installing: /home/arcs/watcher/ros2_ws/install/zed_components/include/zed_components//gnss_replay.hpp
[48.746s] -- Installing: /home/arcs/watcher/ros2_ws/install/zed_components/include/zed_components//sl_win_avg.hpp
[48.746s] -- Up-to-date: /home/arcs/watcher/ros2_ws/install/zed_components/include/zed_components/
[48.746s] -- Installing: /home/arcs/watcher/ros2_ws/install/zed_components/include/zed_components//visibility_control.hpp
[48.746s] -- Installing: /home/arcs/watcher/ros2_ws/install/zed_components/share/zed_components/environment/library_path.sh
[48.746s] -- Installing: /home/arcs/watcher/ros2_ws/install/zed_components/share/zed_components/environment/library_path.dsv
[48.746s] -- Installing: /home/arcs/watcher/ros2_ws/install/zed_components/share/ament_index/resource_index/package_run_dependencies/zed_components
[48.746s] -- Installing: /home/arcs/watcher/ros2_ws/install/zed_components/share/ament_index/resource_index/parent_prefix_path/zed_components
[48.746s] -- Installing: /home/arcs/watcher/ros2_ws/install/zed_components/share/zed_components/environment/ament_prefix_path.sh
[48.747s] -- Installing: /home/arcs/watcher/ros2_ws/install/zed_components/share/zed_components/environment/ament_prefix_path.dsv
[48.747s] -- Installing: /home/arcs/watcher/ros2_ws/install/zed_components/share/zed_components/environment/path.sh
[48.747s] -- Installing: /home/arcs/watcher/ros2_ws/install/zed_components/share/zed_components/environment/path.dsv
[48.747s] -- Installing: /home/arcs/watcher/ros2_ws/install/zed_components/share/zed_components/local_setup.bash
[48.747s] -- Installing: /home/arcs/watcher/ros2_ws/install/zed_components/share/zed_components/local_setup.sh
[48.747s] -- Installing: /home/arcs/watcher/ros2_ws/install/zed_components/share/zed_components/local_setup.zsh
[48.747s] -- Installing: /home/arcs/watcher/ros2_ws/install/zed_components/share/zed_components/local_setup.dsv
[48.747s] -- Installing: /home/arcs/watcher/ros2_ws/install/zed_components/share/zed_components/package.dsv
[48.747s] -- Installing: /home/arcs/watcher/ros2_ws/install/zed_components/share/ament_index/resource_index/packages/zed_components
[48.747s] -- Installing: /home/arcs/watcher/ros2_ws/install/zed_components/share/ament_index/resource_index/rclcpp_components/zed_components
[48.747s] -- Installing: /home/arcs/watcher/ros2_ws/install/zed_components/share/zed_components/cmake/ament_cmake_export_include_directories-extras.cmake
[48.748s] -- Installing: /home/arcs/watcher/ros2_ws/install/zed_components/share/zed_components/cmake/ament_cmake_export_libraries-extras.cmake
[48.748s] -- Installing: /home/arcs/watcher/ros2_ws/install/zed_components/share/zed_components/cmake/ament_cmake_export_dependencies-extras.cmake
[48.748s] -- Installing: /home/arcs/watcher/ros2_ws/install/zed_components/share/zed_components/cmake/zed_componentsConfig.cmake
[48.748s] -- Installing: /home/arcs/watcher/ros2_ws/install/zed_components/share/zed_components/cmake/zed_componentsConfig-version.cmake
[48.748s] -- Installing: /home/arcs/watcher/ros2_ws/install/zed_components/share/zed_components/package.xml
[48.749s] Invoked command in '/home/arcs/watcher/ros2_ws/build/zed_components' returned '0': CMAKE_PREFIX_PATH=/opt/ros/humble /usr/bin/cmake --install /home/arcs/watcher/ros2_ws/build/zed_components
