-- Found CUDA: /usr/local/cuda (found suitable version "12.6", minimum required is "12") 
-- Found CUDA: /usr/local/cuda (found version "12.6") 
-- Found ament_cmake_auto: 1.3.11 (/opt/ros/humble/share/ament_cmake_auto/cmake)
-- Override CMake install command with custom implementation using symlinks instead of copying resources
-- Found rosidl_generator_c: 3.1.6 (/opt/ros/humble/share/rosidl_generator_c/cmake)
-- Found rosidl_adapter: 3.1.6 (/opt/ros/humble/share/rosidl_adapter/cmake)
-- Found rosidl_generator_cpp: 3.1.6 (/opt/ros/humble/share/rosidl_generator_cpp/cmake)
-- Using all available rosidl_typesupport_c: rosidl_typesupport_fastrtps_c;rosidl_typesupport_introspection_c
-- Using all available rosidl_typesupport_cpp: rosidl_typesupport_fastrtps_cpp;rosidl_typesupport_introspection_cpp
-- Found rmw_implementation_cmake: 6.1.2 (/opt/ros/humble/share/rmw_implementation_cmake/cmake)
-- Found rmw_fastrtps_cpp: 6.2.7 (/opt/ros/humble/share/rmw_fastrtps_cpp/cmake)
-- Using RMW implementation 'rmw_fastrtps_cpp' as default
-- Found eigen3_cmake_module: 0.1.1 (/opt/ros/humble/share/eigen3_cmake_module/cmake)
-- Ensuring Eigen3 include directory is part of orocos-kdl CMake target
[33mCMake Warning at CMakeLists.txt:122 (find_package):
  By not providing "Findzed_msgs.cmake" in CMAKE_MODULE_PATH this project has
  asked CMake to find a package configuration file provided by "zed_msgs",
  but CMake did not find one.

  Could not find a package configuration file provided by "zed_msgs" with any
  of the following names:

    zed_msgsConfig.cmake
    zed_msgs-config.cmake

  Add the installation prefix of "zed_msgs" to CMAKE_PREFIX_PATH or set
  "zed_msgs_DIR" to a directory containing one of the above files.  If
  "zed_msgs" provides a separate development package or SDK, be sure it has
  been installed.

[0m
[31mCMake Error at CMakeLists.txt:139 (find_package):
  By not providing "Findcob_srvs.cmake" in CMAKE_MODULE_PATH this project has
  asked CMake to find a package configuration file provided by "cob_srvs",
  but CMake did not find one.

  Could not find a package configuration file provided by "cob_srvs" with any
  of the following names:

    cob_srvsConfig.cmake
    cob_srvs-config.cmake

  Add the installation prefix of "cob_srvs" to CMAKE_PREFIX_PATH or set
  "cob_srvs_DIR" to a directory containing one of the above files.  If
  "cob_srvs" provides a separate development package or SDK, be sure it has
  been installed.

[0m
-- Configuring incomplete, errors occurred!
See also "/home/arcs/watcher/ros2_ws/build/zed_components/CMakeFiles/CMakeOutput.log".
See also "/home/arcs/watcher/ros2_ws/build/zed_components/CMakeFiles/CMakeError.log".
