[0.006s] Invoking command in '/home/arcs/watcher/ros2_ws/build/zed_components': CMAKE_PREFIX_PATH=/opt/ros/humble /usr/bin/cmake /home/arcs/watcher/ros2_ws/src/zed-ros2-wrapper/zed_components -DCMAKE_INSTALL_PREFIX=/home/arcs/watcher/ros2_ws/install/zed_components
[0.040s] -- Found CUDA: /usr/local/cuda (found suitable version "12.6", minimum required is "12") 
[0.066s] -- Found CUDA: /usr/local/cuda (found version "12.6") 
[0.067s] -- Found ament_cmake_auto: 1.3.11 (/opt/ros/humble/share/ament_cmake_auto/cmake)
[0.148s] -- Override CMake install command with custom implementation using symlinks instead of copying resources
[0.216s] -- Found rosidl_generator_c: 3.1.6 (/opt/ros/humble/share/rosidl_generator_c/cmake)
[0.218s] -- Found rosidl_adapter: 3.1.6 (/opt/ros/humble/share/rosidl_adapter/cmake)
[0.222s] -- Found rosidl_generator_cpp: 3.1.6 (/opt/ros/humble/share/rosidl_generator_cpp/cmake)
[0.230s] -- Using all available rosidl_typesupport_c: rosidl_typesupport_fastrtps_c;rosidl_typesupport_introspection_c
[0.241s] -- Using all available rosidl_typesupport_cpp: rosidl_typesupport_fastrtps_cpp;rosidl_typesupport_introspection_cpp
[0.264s] -- Found rmw_implementation_cmake: 6.1.2 (/opt/ros/humble/share/rmw_implementation_cmake/cmake)
[0.265s] -- Found rmw_fastrtps_cpp: 6.2.7 (/opt/ros/humble/share/rmw_fastrtps_cpp/cmake)
[0.329s] -- Using RMW implementation 'rmw_fastrtps_cpp' as default
[0.495s] -- Found eigen3_cmake_module: 0.1.1 (/opt/ros/humble/share/eigen3_cmake_module/cmake)
[0.496s] -- Ensuring Eigen3 include directory is part of orocos-kdl CMake target
[0.576s] [33mCMake Warning at CMakeLists.txt:122 (find_package):
[0.576s]   By not providing "Findzed_msgs.cmake" in CMAKE_MODULE_PATH this project has
[0.576s]   asked CMake to find a package configuration file provided by "zed_msgs",
[0.576s]   but CMake did not find one.
[0.576s] 
[0.576s]   Could not find a package configuration file provided by "zed_msgs" with any
[0.576s]   of the following names:
[0.576s] 
[0.576s]     zed_msgsConfig.cmake
[0.576s]     zed_msgs-config.cmake
[0.576s] 
[0.576s]   Add the installation prefix of "zed_msgs" to CMAKE_PREFIX_PATH or set
[0.576s]   "zed_msgs_DIR" to a directory containing one of the above files.  If
[0.576s]   "zed_msgs" provides a separate development package or SDK, be sure it has
[0.576s]   been installed.
[0.576s] 
[0.576s] [0m
[0.583s] [31mCMake Error at CMakeLists.txt:139 (find_package):
[0.583s]   By not providing "Findcob_srvs.cmake" in CMAKE_MODULE_PATH this project has
[0.583s]   asked CMake to find a package configuration file provided by "cob_srvs",
[0.583s]   but CMake did not find one.
[0.584s] 
[0.584s]   Could not find a package configuration file provided by "cob_srvs" with any
[0.584s]   of the following names:
[0.584s] 
[0.584s]     cob_srvsConfig.cmake
[0.584s]     cob_srvs-config.cmake
[0.584s] 
[0.584s]   Add the installation prefix of "cob_srvs" to CMAKE_PREFIX_PATH or set
[0.584s]   "cob_srvs_DIR" to a directory containing one of the above files.  If
[0.584s]   "cob_srvs" provides a separate development package or SDK, be sure it has
[0.584s]   been installed.
[0.584s] 
[0.584s] [0m
[0.584s] -- Configuring incomplete, errors occurred!
[0.584s] See also "/home/arcs/watcher/ros2_ws/build/zed_components/CMakeFiles/CMakeOutput.log".
[0.584s] See also "/home/arcs/watcher/ros2_ws/build/zed_components/CMakeFiles/CMakeError.log".
[0.589s] Invoked command in '/home/arcs/watcher/ros2_ws/build/zed_components' returned '1': CMAKE_PREFIX_PATH=/opt/ros/humble /usr/bin/cmake /home/arcs/watcher/ros2_ws/src/zed-ros2-wrapper/zed_components -DCMAKE_INSTALL_PREFIX=/home/arcs/watcher/ros2_ws/install/zed_components
