[0.006s] Invoking command in '/home/arcs/watcher/ros2_ws/build/zed_ros2': AMENT_PREFIX_PATH=/home/arcs/watcher/ros2_ws/install/zed_wrapper:/home/arcs/watcher/ros2_ws/install/zed_components:${AMENT_PREFIX_PATH} CMAKE_PREFIX_PATH=/home/arcs/watcher/ros2_ws/install/zed_wrapper:/home/arcs/watcher/ros2_ws/install/zed_components:/opt/ros/humble LD_LIBRARY_PATH=/home/arcs/watcher/ros2_ws/install/zed_components/lib:${LD_LIBRARY_PATH} /usr/bin/cmake /home/arcs/watcher/ros2_ws/src/zed-ros2-wrapper/zed_ros2 -DAMENT_CMAKE_SYMLINK_INSTALL=1 -DCMAKE_INSTALL_PREFIX=/home/arcs/watcher/ros2_ws/install/zed_ros2
[0.016s] -- Found ament_cmake_auto: 1.3.11 (/opt/ros/humble/share/ament_cmake_auto/cmake)
[0.132s] -- Found Python3: /usr/bin/python3 (found version "3.10.12") found components: Interpreter 
[0.175s] -- Override CMake install command with custom implementation using symlinks instead of copying resources
[0.235s] -- Found ament_lint_auto: 0.12.12 (/opt/ros/humble/share/ament_lint_auto/cmake)
[0.245s] -- Added test 'copyright' to check source files copyright and LICENSE
[0.245s] -- Added test 'lint_cmake' to check CMake code style
[0.246s] -- Added test 'xmllint' to check XML markup files
[0.247s] -- Configuring done
[0.248s] -- Generating done
[0.249s] -- Build files have been written to: /home/arcs/watcher/ros2_ws/build/zed_ros2
[0.251s] Invoked command in '/home/arcs/watcher/ros2_ws/build/zed_ros2' returned '0': AMENT_PREFIX_PATH=/home/arcs/watcher/ros2_ws/install/zed_wrapper:/home/arcs/watcher/ros2_ws/install/zed_components:${AMENT_PREFIX_PATH} CMAKE_PREFIX_PATH=/home/arcs/watcher/ros2_ws/install/zed_wrapper:/home/arcs/watcher/ros2_ws/install/zed_components:/opt/ros/humble LD_LIBRARY_PATH=/home/arcs/watcher/ros2_ws/install/zed_components/lib:${LD_LIBRARY_PATH} /usr/bin/cmake /home/arcs/watcher/ros2_ws/src/zed-ros2-wrapper/zed_ros2 -DAMENT_CMAKE_SYMLINK_INSTALL=1 -DCMAKE_INSTALL_PREFIX=/home/arcs/watcher/ros2_ws/install/zed_ros2
[0.252s] Invoking command in '/home/arcs/watcher/ros2_ws/build/zed_ros2': AMENT_PREFIX_PATH=/home/arcs/watcher/ros2_ws/install/zed_wrapper:/home/arcs/watcher/ros2_ws/install/zed_components:${AMENT_PREFIX_PATH} CMAKE_PREFIX_PATH=/home/arcs/watcher/ros2_ws/install/zed_wrapper:/home/arcs/watcher/ros2_ws/install/zed_components:/opt/ros/humble LD_LIBRARY_PATH=/home/arcs/watcher/ros2_ws/install/zed_components/lib:${LD_LIBRARY_PATH} /usr/bin/cmake --build /home/arcs/watcher/ros2_ws/build/zed_ros2 -- -j12 -l12
[0.274s] Invoked command in '/home/arcs/watcher/ros2_ws/build/zed_ros2' returned '0': AMENT_PREFIX_PATH=/home/arcs/watcher/ros2_ws/install/zed_wrapper:/home/arcs/watcher/ros2_ws/install/zed_components:${AMENT_PREFIX_PATH} CMAKE_PREFIX_PATH=/home/arcs/watcher/ros2_ws/install/zed_wrapper:/home/arcs/watcher/ros2_ws/install/zed_components:/opt/ros/humble LD_LIBRARY_PATH=/home/arcs/watcher/ros2_ws/install/zed_components/lib:${LD_LIBRARY_PATH} /usr/bin/cmake --build /home/arcs/watcher/ros2_ws/build/zed_ros2 -- -j12 -l12
[0.275s] Invoking command in '/home/arcs/watcher/ros2_ws/build/zed_ros2': AMENT_PREFIX_PATH=/home/arcs/watcher/ros2_ws/install/zed_wrapper:/home/arcs/watcher/ros2_ws/install/zed_components:${AMENT_PREFIX_PATH} CMAKE_PREFIX_PATH=/home/arcs/watcher/ros2_ws/install/zed_wrapper:/home/arcs/watcher/ros2_ws/install/zed_components:/opt/ros/humble LD_LIBRARY_PATH=/home/arcs/watcher/ros2_ws/install/zed_components/lib:${LD_LIBRARY_PATH} /usr/bin/cmake --install /home/arcs/watcher/ros2_ws/build/zed_ros2
[0.280s] -- Install configuration: ""
[0.281s] -- Execute custom install script
[0.281s] -- Symlinking: /home/arcs/watcher/ros2_ws/install/zed_ros2/share/ament_index/resource_index/package_run_dependencies/zed_ros2
[0.287s] -- Symlinking: /home/arcs/watcher/ros2_ws/install/zed_ros2/share/ament_index/resource_index/parent_prefix_path/zed_ros2
[0.292s] -- Symlinking: /home/arcs/watcher/ros2_ws/install/zed_ros2/share/zed_ros2/environment/ament_prefix_path.sh
[0.298s] -- Symlinking: /home/arcs/watcher/ros2_ws/install/zed_ros2/share/zed_ros2/environment/ament_prefix_path.dsv
[0.303s] -- Symlinking: /home/arcs/watcher/ros2_ws/install/zed_ros2/share/zed_ros2/environment/path.sh
[0.308s] -- Symlinking: /home/arcs/watcher/ros2_ws/install/zed_ros2/share/zed_ros2/environment/path.dsv
[0.313s] -- Symlinking: /home/arcs/watcher/ros2_ws/install/zed_ros2/share/zed_ros2/local_setup.bash
[0.318s] -- Symlinking: /home/arcs/watcher/ros2_ws/install/zed_ros2/share/zed_ros2/local_setup.sh
[0.323s] -- Symlinking: /home/arcs/watcher/ros2_ws/install/zed_ros2/share/zed_ros2/local_setup.zsh
[0.328s] -- Symlinking: /home/arcs/watcher/ros2_ws/install/zed_ros2/share/zed_ros2/local_setup.dsv
[0.333s] -- Symlinking: /home/arcs/watcher/ros2_ws/install/zed_ros2/share/zed_ros2/package.dsv
[0.339s] -- Symlinking: /home/arcs/watcher/ros2_ws/install/zed_ros2/share/ament_index/resource_index/packages/zed_ros2
[0.344s] -- Symlinking: /home/arcs/watcher/ros2_ws/install/zed_ros2/share/zed_ros2/cmake/zed_ros2Config.cmake
[0.349s] -- Symlinking: /home/arcs/watcher/ros2_ws/install/zed_ros2/share/zed_ros2/cmake/zed_ros2Config-version.cmake
[0.354s] -- Symlinking: /home/arcs/watcher/ros2_ws/install/zed_ros2/share/zed_ros2/package.xml
[0.361s] Invoked command in '/home/arcs/watcher/ros2_ws/build/zed_ros2' returned '0': AMENT_PREFIX_PATH=/home/arcs/watcher/ros2_ws/install/zed_wrapper:/home/arcs/watcher/ros2_ws/install/zed_components:${AMENT_PREFIX_PATH} CMAKE_PREFIX_PATH=/home/arcs/watcher/ros2_ws/install/zed_wrapper:/home/arcs/watcher/ros2_ws/install/zed_components:/opt/ros/humble LD_LIBRARY_PATH=/home/arcs/watcher/ros2_ws/install/zed_components/lib:${LD_LIBRARY_PATH} /usr/bin/cmake --install /home/arcs/watcher/ros2_ws/build/zed_ros2
