[0.007s] Invoking command in '/home/arcs/watcher/ros2_ws/build/zed_components': CMAKE_PREFIX_PATH=/opt/ros/humble /usr/bin/cmake /home/arcs/watcher/ros2_ws/src/zed-ros2-wrapper/zed_components -DCMAKE_INSTALL_PREFIX=/home/arcs/watcher/ros2_ws/install/zed_components
[0.042s] -- Found CUDA: /usr/local/cuda (found suitable version "12.6", minimum required is "12") 
[0.069s] -- Found CUDA: /usr/local/cuda (found version "12.6") 
[0.070s] -- Found ament_cmake_auto: 1.3.11 (/opt/ros/humble/share/ament_cmake_auto/cmake)
[0.188s] -- Override CMake install command with custom implementation using symlinks instead of copying resources
[0.281s] -- Found rosidl_generator_c: 3.1.6 (/opt/ros/humble/share/rosidl_generator_c/cmake)
[0.283s] -- Found rosidl_adapter: 3.1.6 (/opt/ros/humble/share/rosidl_adapter/cmake)
[0.289s] -- Found rosidl_generator_cpp: 3.1.6 (/opt/ros/humble/share/rosidl_generator_cpp/cmake)
[0.298s] -- Using all available rosidl_typesupport_c: rosidl_typesupport_fastrtps_c;rosidl_typesupport_introspection_c
[0.309s] -- Using all available rosidl_typesupport_cpp: rosidl_typesupport_fastrtps_cpp;rosidl_typesupport_introspection_cpp
[0.340s] -- Found rmw_implementation_cmake: 6.1.2 (/opt/ros/humble/share/rmw_implementation_cmake/cmake)
[0.342s] -- Found rmw_fastrtps_cpp: 6.2.7 (/opt/ros/humble/share/rmw_fastrtps_cpp/cmake)
[0.412s] -- Using RMW implementation 'rmw_fastrtps_cpp' as default
[0.624s] -- Found eigen3_cmake_module: 0.1.1 (/opt/ros/humble/share/eigen3_cmake_module/cmake)
[0.625s] -- Ensuring Eigen3 include directory is part of orocos-kdl CMake target
[0.719s] [33mCMake Warning at CMakeLists.txt:122 (find_package):
[0.719s]   By not providing "Findzed_msgs.cmake" in CMAKE_MODULE_PATH this project has
[0.719s]   asked CMake to find a package configuration file provided by "zed_msgs",
[0.719s]   but CMake did not find one.
[0.719s] 
[0.719s]   Could not find a package configuration file provided by "zed_msgs" with any
[0.719s]   of the following names:
[0.719s] 
[0.719s]     zed_msgsConfig.cmake
[0.719s]     zed_msgs-config.cmake
[0.719s] 
[0.719s]   Add the installation prefix of "zed_msgs" to CMAKE_PREFIX_PATH or set
[0.719s]   "zed_msgs_DIR" to a directory containing one of the above files.  If
[0.719s]   "zed_msgs" provides a separate development package or SDK, be sure it has
[0.719s]   been installed.
[0.719s] 
[0.720s] [0m
[0.727s] [31mCMake Error at CMakeLists.txt:139 (find_package):
[0.727s]   By not providing "Findcob_srvs.cmake" in CMAKE_MODULE_PATH this project has
[0.727s]   asked CMake to find a package configuration file provided by "cob_srvs",
[0.727s]   but CMake did not find one.
[0.727s] 
[0.727s]   Could not find a package configuration file provided by "cob_srvs" with any
[0.727s]   of the following names:
[0.727s] 
[0.727s]     cob_srvsConfig.cmake
[0.727s]     cob_srvs-config.cmake
[0.727s] 
[0.727s]   Add the installation prefix of "cob_srvs" to CMAKE_PREFIX_PATH or set
[0.728s]   "cob_srvs_DIR" to a directory containing one of the above files.  If
[0.728s]   "cob_srvs" provides a separate development package or SDK, be sure it has
[0.728s]   been installed.
[0.728s] 
[0.728s] [0m
[0.728s] -- Configuring incomplete, errors occurred!
[0.728s] See also "/home/arcs/watcher/ros2_ws/build/zed_components/CMakeFiles/CMakeOutput.log".
[0.728s] See also "/home/arcs/watcher/ros2_ws/build/zed_components/CMakeFiles/CMakeError.log".
[0.734s] Invoked command in '/home/arcs/watcher/ros2_ws/build/zed_components' returned '1': CMAKE_PREFIX_PATH=/opt/ros/humble /usr/bin/cmake /home/arcs/watcher/ros2_ws/src/zed-ros2-wrapper/zed_components -DCMAKE_INSTALL_PREFIX=/home/arcs/watcher/ros2_ws/install/zed_components
