[0.005s] Invoking command in '/home/arcs/watcher/ros2_ws/build/zed_wrapper': AMENT_PREFIX_PATH=/home/arcs/watcher/ros2_ws/install/zed_components:${AMENT_PREFIX_PATH} CMAKE_PREFIX_PATH=/home/arcs/watcher/ros2_ws/install/zed_components:/opt/ros/humble LD_LIBRARY_PATH=/home/arcs/watcher/ros2_ws/install/zed_components/lib:${LD_LIBRARY_PATH} /usr/bin/cmake /home/arcs/watcher/ros2_ws/src/zed-ros2-wrapper/zed_wrapper -DAMENT_CMAKE_SYMLINK_INSTALL=1 -DCMAKE_INSTALL_PREFIX=/home/arcs/watcher/ros2_ws/install/zed_wrapper
[0.040s] -- The C compiler identification is GNU 11.4.0
[0.077s] -- The CXX compiler identification is GNU 11.4.0
[0.081s] -- Detecting C compiler ABI info
[0.126s] -- Detecting C compiler ABI info - done
[0.131s] -- Check for working C compiler: /usr/bin/cc - skipped
[0.132s] -- Detecting C compile features
[0.132s] -- Detecting C compile features - done
[0.134s] -- Detecting CXX compiler ABI info
[0.186s] -- Detecting CXX compiler ABI info - done
[0.193s] -- Check for working CXX compiler: /usr/bin/c++ - skipped
[0.193s] -- Detecting CXX compile features
[0.193s] -- Detecting CXX compile features - done
[0.195s] -- Found ament_cmake_auto: 1.3.11 (/opt/ros/humble/share/ament_cmake_auto/cmake)
[0.299s] -- Found Python3: /usr/bin/python3 (found version "3.10.12") found components: Interpreter 
[0.342s] -- Override CMake install command with custom implementation using symlinks instead of copying resources
[0.430s] -- Found rosidl_generator_c: 3.1.6 (/opt/ros/humble/share/rosidl_generator_c/cmake)
[0.434s] -- Found rosidl_adapter: 3.1.6 (/opt/ros/humble/share/rosidl_adapter/cmake)
[0.439s] -- Found rosidl_generator_cpp: 3.1.6 (/opt/ros/humble/share/rosidl_generator_cpp/cmake)
[0.447s] -- Using all available rosidl_typesupport_c: rosidl_typesupport_fastrtps_c;rosidl_typesupport_introspection_c
[0.459s] -- Using all available rosidl_typesupport_cpp: rosidl_typesupport_fastrtps_cpp;rosidl_typesupport_introspection_cpp
[0.489s] -- Found rmw_implementation_cmake: 6.1.2 (/opt/ros/humble/share/rmw_implementation_cmake/cmake)
[0.490s] -- Found rmw_fastrtps_cpp: 6.2.7 (/opt/ros/humble/share/rmw_fastrtps_cpp/cmake)
[0.542s] -- Found OpenSSL: /usr/lib/x86_64-linux-gnu/libcrypto.so (found version "3.0.2")  
[0.560s] -- Found FastRTPS: /opt/ros/humble/include  
[0.585s] -- Using RMW implementation 'rmw_fastrtps_cpp' as default
[0.591s] -- Looking for pthread.h
[0.636s] -- Looking for pthread.h - found
[0.636s] -- Performing Test CMAKE_HAVE_LIBC_PTHREAD
[0.682s] -- Performing Test CMAKE_HAVE_LIBC_PTHREAD - Success
[0.683s] -- Found Threads: TRUE  
[0.845s] -- Found eigen3_cmake_module: 0.1.1 (/opt/ros/humble/share/eigen3_cmake_module/cmake)
[0.846s] -- Found Eigen3: TRUE (found version "3.4.0") 
[0.846s] -- Ensuring Eigen3 include directory is part of orocos-kdl CMake target
[1.003s] -- Configuring done
[1.006s] -- Generating done
[1.008s] -- Build files have been written to: /home/arcs/watcher/ros2_ws/build/zed_wrapper
[1.016s] Invoked command in '/home/arcs/watcher/ros2_ws/build/zed_wrapper' returned '0': AMENT_PREFIX_PATH=/home/arcs/watcher/ros2_ws/install/zed_components:${AMENT_PREFIX_PATH} CMAKE_PREFIX_PATH=/home/arcs/watcher/ros2_ws/install/zed_components:/opt/ros/humble LD_LIBRARY_PATH=/home/arcs/watcher/ros2_ws/install/zed_components/lib:${LD_LIBRARY_PATH} /usr/bin/cmake /home/arcs/watcher/ros2_ws/src/zed-ros2-wrapper/zed_wrapper -DAMENT_CMAKE_SYMLINK_INSTALL=1 -DCMAKE_INSTALL_PREFIX=/home/arcs/watcher/ros2_ws/install/zed_wrapper
[1.017s] Invoking command in '/home/arcs/watcher/ros2_ws/build/zed_wrapper': AMENT_PREFIX_PATH=/home/arcs/watcher/ros2_ws/install/zed_components:${AMENT_PREFIX_PATH} CMAKE_PREFIX_PATH=/home/arcs/watcher/ros2_ws/install/zed_components:/opt/ros/humble LD_LIBRARY_PATH=/home/arcs/watcher/ros2_ws/install/zed_components/lib:${LD_LIBRARY_PATH} /usr/bin/cmake --build /home/arcs/watcher/ros2_ws/build/zed_wrapper -- -j12 -l12
[1.042s] Invoked command in '/home/arcs/watcher/ros2_ws/build/zed_wrapper' returned '0': AMENT_PREFIX_PATH=/home/arcs/watcher/ros2_ws/install/zed_components:${AMENT_PREFIX_PATH} CMAKE_PREFIX_PATH=/home/arcs/watcher/ros2_ws/install/zed_components:/opt/ros/humble LD_LIBRARY_PATH=/home/arcs/watcher/ros2_ws/install/zed_components/lib:${LD_LIBRARY_PATH} /usr/bin/cmake --build /home/arcs/watcher/ros2_ws/build/zed_wrapper -- -j12 -l12
[1.043s] Invoking command in '/home/arcs/watcher/ros2_ws/build/zed_wrapper': AMENT_PREFIX_PATH=/home/arcs/watcher/ros2_ws/install/zed_components:${AMENT_PREFIX_PATH} CMAKE_PREFIX_PATH=/home/arcs/watcher/ros2_ws/install/zed_components:/opt/ros/humble LD_LIBRARY_PATH=/home/arcs/watcher/ros2_ws/install/zed_components/lib:${LD_LIBRARY_PATH} /usr/bin/cmake --install /home/arcs/watcher/ros2_ws/build/zed_wrapper
[1.048s] -- Install configuration: ""
[1.048s] -- Execute custom install script
[1.049s] -- Symlinking: /home/arcs/watcher/ros2_ws/install/zed_wrapper/share/zed_wrapper/config/common_mono.yaml
[1.054s] -- Symlinking: /home/arcs/watcher/ros2_ws/install/zed_wrapper/share/zed_wrapper/config/common_stereo.yaml
[1.059s] -- Symlinking: /home/arcs/watcher/ros2_ws/install/zed_wrapper/share/zed_wrapper/config/ffmpeg.yaml
[1.064s] -- Symlinking: /home/arcs/watcher/ros2_ws/install/zed_wrapper/share/zed_wrapper/config/virtual.yaml
[1.070s] -- Symlinking: /home/arcs/watcher/ros2_ws/install/zed_wrapper/share/zed_wrapper/config/zed.yaml
[1.075s] -- Symlinking: /home/arcs/watcher/ros2_ws/install/zed_wrapper/share/zed_wrapper/config/zed2.yaml
[1.080s] -- Symlinking: /home/arcs/watcher/ros2_ws/install/zed_wrapper/share/zed_wrapper/config/zed2i.yaml
[1.085s] -- Symlinking: /home/arcs/watcher/ros2_ws/install/zed_wrapper/share/zed_wrapper/config/zedm.yaml
[1.091s] -- Symlinking: /home/arcs/watcher/ros2_ws/install/zed_wrapper/share/zed_wrapper/config/zedx.yaml
[1.096s] -- Symlinking: /home/arcs/watcher/ros2_ws/install/zed_wrapper/share/zed_wrapper/config/zedxm.yaml
[1.101s] -- Symlinking: /home/arcs/watcher/ros2_ws/install/zed_wrapper/share/zed_wrapper/config/zedxone4k.yaml
[1.107s] -- Symlinking: /home/arcs/watcher/ros2_ws/install/zed_wrapper/share/zed_wrapper/config/zedxonegs.yaml
[1.113s] -- Symlinking: /home/arcs/watcher/ros2_ws/install/zed_wrapper/share/zed_wrapper/urdf/include/materials.urdf.xacro
[1.119s] -- Symlinking: /home/arcs/watcher/ros2_ws/install/zed_wrapper/share/zed_wrapper/urdf/zed_descr.urdf.xacro
[1.124s] -- Symlinking: /home/arcs/watcher/ros2_ws/install/zed_wrapper/share/zed_wrapper/urdf/zed_macro.urdf.xacro
[1.130s] -- Symlinking: /home/arcs/watcher/ros2_ws/install/zed_wrapper/share/zed_wrapper/launch/zed_camera.launch.py
[1.135s] -- Symlinking: /home/arcs/watcher/ros2_ws/install/zed_wrapper/share/ament_index/resource_index/package_run_dependencies/zed_wrapper
[1.141s] -- Symlinking: /home/arcs/watcher/ros2_ws/install/zed_wrapper/share/ament_index/resource_index/parent_prefix_path/zed_wrapper
[1.146s] -- Symlinking: /home/arcs/watcher/ros2_ws/install/zed_wrapper/share/zed_wrapper/environment/ament_prefix_path.sh
[1.151s] -- Symlinking: /home/arcs/watcher/ros2_ws/install/zed_wrapper/share/zed_wrapper/environment/ament_prefix_path.dsv
[1.157s] -- Symlinking: /home/arcs/watcher/ros2_ws/install/zed_wrapper/share/zed_wrapper/environment/path.sh
[1.162s] -- Symlinking: /home/arcs/watcher/ros2_ws/install/zed_wrapper/share/zed_wrapper/environment/path.dsv
[1.167s] -- Symlinking: /home/arcs/watcher/ros2_ws/install/zed_wrapper/share/zed_wrapper/local_setup.bash
[1.172s] -- Symlinking: /home/arcs/watcher/ros2_ws/install/zed_wrapper/share/zed_wrapper/local_setup.sh
[1.178s] -- Symlinking: /home/arcs/watcher/ros2_ws/install/zed_wrapper/share/zed_wrapper/local_setup.zsh
[1.183s] -- Symlinking: /home/arcs/watcher/ros2_ws/install/zed_wrapper/share/zed_wrapper/local_setup.dsv
[1.188s] -- Symlinking: /home/arcs/watcher/ros2_ws/install/zed_wrapper/share/zed_wrapper/package.dsv
[1.194s] -- Symlinking: /home/arcs/watcher/ros2_ws/install/zed_wrapper/share/ament_index/resource_index/packages/zed_wrapper
[1.199s] -- Symlinking: /home/arcs/watcher/ros2_ws/install/zed_wrapper/share/zed_wrapper/cmake/zed_wrapperConfig.cmake
[1.204s] -- Symlinking: /home/arcs/watcher/ros2_ws/install/zed_wrapper/share/zed_wrapper/cmake/zed_wrapperConfig-version.cmake
[1.210s] -- Symlinking: /home/arcs/watcher/ros2_ws/install/zed_wrapper/share/zed_wrapper/package.xml
[1.218s] Invoked command in '/home/arcs/watcher/ros2_ws/build/zed_wrapper' returned '0': AMENT_PREFIX_PATH=/home/arcs/watcher/ros2_ws/install/zed_components:${AMENT_PREFIX_PATH} CMAKE_PREFIX_PATH=/home/arcs/watcher/ros2_ws/install/zed_components:/opt/ros/humble LD_LIBRARY_PATH=/home/arcs/watcher/ros2_ws/install/zed_components/lib:${LD_LIBRARY_PATH} /usr/bin/cmake --install /home/arcs/watcher/ros2_ws/build/zed_wrapper
