[0.006s] Invoking command in '/home/arcs/watcher/ros2_ws/build/zed_components': CMAKE_PREFIX_PATH=/opt/ros/humble /usr/bin/cmake /home/arcs/watcher/ros2_ws/src/zed-ros2-wrapper/zed_components -DCMAKE_INSTALL_PREFIX=/home/arcs/watcher/ros2_ws/install/zed_components
[0.205s] -- The C compiler identification is GNU 11.4.0
[0.280s] -- The CXX compiler identification is GNU 11.4.0
[0.287s] -- Detecting C compiler ABI info
[0.346s] -- Detecting C compiler ABI info - done
[0.351s] -- Check for working C compiler: /usr/bin/cc - skipped
[0.352s] -- Detecting C compile features
[0.352s] -- Detecting C compile features - done
[0.354s] -- Detecting CXX compiler ABI info
[0.405s] -- Detecting CXX compiler ABI info - done
[0.410s] -- Check for working CXX compiler: /usr/bin/c++ - skipped
[0.410s] -- Detecting CXX compile features
[0.411s] -- Detecting CXX compile features - done
[0.413s] -- Looking for sgemm_
[0.456s] -- Looking for sgemm_ - not found
[0.457s] -- Looking for pthread.h
[0.512s] -- Looking for pthread.h - found
[0.512s] -- Performing Test CMAKE_HAVE_LIBC_PTHREAD
[0.577s] -- Performing Test CMAKE_HAVE_LIBC_PTHREAD - Success
[0.578s] -- Found Threads: TRUE  
[0.604s] -- Looking for sgemm_
[0.671s] -- Looking for sgemm_ - found
[0.671s] -- Found BLAS: /usr/lib/x86_64-linux-gnu/libopenblas.so  
[0.691s] -- Found CUDA: /usr/local/cuda (found suitable version "12.6", minimum required is "12") 
[0.724s] -- Found CUDA: /usr/local/cuda (found version "12.6") 
[0.725s] -- Found ament_cmake_auto: 1.3.11 (/opt/ros/humble/share/ament_cmake_auto/cmake)
[0.839s] -- Found Python3: /usr/bin/python3 (found version "3.10.12") found components: Interpreter 
[0.961s] -- Found rosidl_generator_c: 3.1.6 (/opt/ros/humble/share/rosidl_generator_c/cmake)
[0.965s] -- Found rosidl_adapter: 3.1.6 (/opt/ros/humble/share/rosidl_adapter/cmake)
[0.970s] -- Found rosidl_generator_cpp: 3.1.6 (/opt/ros/humble/share/rosidl_generator_cpp/cmake)
[0.979s] -- Using all available rosidl_typesupport_c: rosidl_typesupport_fastrtps_c;rosidl_typesupport_introspection_c
[0.990s] -- Using all available rosidl_typesupport_cpp: rosidl_typesupport_fastrtps_cpp;rosidl_typesupport_introspection_cpp
[1.068s] -- Found rmw_implementation_cmake: 6.1.2 (/opt/ros/humble/share/rmw_implementation_cmake/cmake)
[1.069s] -- Found rmw_fastrtps_cpp: 6.2.7 (/opt/ros/humble/share/rmw_fastrtps_cpp/cmake)
[1.123s] -- Found OpenSSL: /usr/lib/x86_64-linux-gnu/libcrypto.so (found version "3.0.2")  
[1.139s] -- Found FastRTPS: /opt/ros/humble/include  
[1.165s] -- Using RMW implementation 'rmw_fastrtps_cpp' as default
[1.357s] -- Found eigen3_cmake_module: 0.1.1 (/opt/ros/humble/share/eigen3_cmake_module/cmake)
[1.358s] -- Found Eigen3: TRUE (found version "3.4.0") 
[1.358s] -- Ensuring Eigen3 include directory is part of orocos-kdl CMake target
[1.456s] [31mCMake Error at CMakeLists.txt:147 (find_package):
[1.456s]   By not providing "Findpoint_cloud_transport.cmake" in CMAKE_MODULE_PATH
[1.456s]   this project has asked CMake to find a package configuration file provided
[1.456s]   by "point_cloud_transport", but CMake did not find one.
[1.456s] 
[1.456s]   Could not find a package configuration file provided by
[1.456s]   "point_cloud_transport" with any of the following names:
[1.456s] 
[1.456s]     point_cloud_transportConfig.cmake
[1.456s]     point_cloud_transport-config.cmake
[1.456s] 
[1.456s]   Add the installation prefix of "point_cloud_transport" to CMAKE_PREFIX_PATH
[1.456s]   or set "point_cloud_transport_DIR" to a directory containing one of the
[1.456s]   above files.  If "point_cloud_transport" provides a separate development
[1.456s]   package or SDK, be sure it has been installed.
[1.456s] 
[1.456s] [0m
[1.457s] -- Configuring incomplete, errors occurred!
[1.457s] See also "/home/arcs/watcher/ros2_ws/build/zed_components/CMakeFiles/CMakeOutput.log".
[1.457s] See also "/home/arcs/watcher/ros2_ws/build/zed_components/CMakeFiles/CMakeError.log".
[1.464s] Invoked command in '/home/arcs/watcher/ros2_ws/build/zed_components' returned '1': CMAKE_PREFIX_PATH=/opt/ros/humble /usr/bin/cmake /home/arcs/watcher/ros2_ws/src/zed-ros2-wrapper/zed_components -DCMAKE_INSTALL_PREFIX=/home/arcs/watcher/ros2_ws/install/zed_components
