[0.007s] Invoking command in '/home/arcs/watcher/ros2_ws/build/zed_components': CMAKE_PREFIX_PATH=/opt/ros/humble /usr/bin/cmake /home/arcs/watcher/ros2_ws/src/zed-ros2-wrapper/zed_components -DAMENT_CMAKE_SYMLINK_INSTALL=1 -DCMAKE_INSTALL_PREFIX=/home/arcs/watcher/ros2_ws/install/zed_components
[0.084s] -- The C compiler identification is GNU 11.4.0
[0.150s] -- The CXX compiler identification is GNU 11.4.0
[0.158s] -- Detecting C compiler ABI info
[0.225s] -- Detecting C compiler ABI info - done
[0.234s] -- Check for working C compiler: /usr/bin/cc - skipped
[0.235s] -- Detecting C compile features
[0.235s] -- Detecting C compile features - done
[0.239s] -- Detecting CXX compiler ABI info
[0.311s] -- Detecting CXX compiler ABI info - done
[0.319s] -- Check for working CXX compiler: /usr/bin/c++ - skipped
[0.319s] -- Detecting CXX compile features
[0.319s] -- Detecting CXX compile features - done
[0.324s] -- Looking for sgemm_
[0.380s] -- Looking for sgemm_ - not found
[0.382s] -- Looking for pthread.h
[0.451s] -- Looking for pthread.h - found
[0.451s] -- Performing Test CMAKE_HAVE_LIBC_PTHREAD
[0.522s] -- Performing Test CMAKE_HAVE_LIBC_PTHREAD - Success
[0.523s] -- Found Threads: TRUE  
[0.553s] -- Looking for sgemm_
[0.641s] -- Looking for sgemm_ - found
[0.641s] -- Found BLAS: /usr/lib/x86_64-linux-gnu/libopenblas.so  
[0.668s] -- Found CUDA: /usr/local/cuda (found suitable version "12.6", minimum required is "12") 
[0.840s] -- Found CUDA: /usr/local/cuda (found version "12.6") 
[0.842s] -- Found ament_cmake_auto: 1.3.11 (/opt/ros/humble/share/ament_cmake_auto/cmake)
[0.981s] -- Found Python3: /usr/bin/python3 (found version "3.10.12") found components: Interpreter 
[1.039s] -- Override CMake install command with custom implementation using symlinks instead of copying resources
[1.140s] -- Found rosidl_generator_c: 3.1.6 (/opt/ros/humble/share/rosidl_generator_c/cmake)
[1.145s] -- Found rosidl_adapter: 3.1.6 (/opt/ros/humble/share/rosidl_adapter/cmake)
[1.151s] -- Found rosidl_generator_cpp: 3.1.6 (/opt/ros/humble/share/rosidl_generator_cpp/cmake)
[1.161s] -- Using all available rosidl_typesupport_c: rosidl_typesupport_fastrtps_c;rosidl_typesupport_introspection_c
[1.174s] -- Using all available rosidl_typesupport_cpp: rosidl_typesupport_fastrtps_cpp;rosidl_typesupport_introspection_cpp
[1.207s] -- Found rmw_implementation_cmake: 6.1.2 (/opt/ros/humble/share/rmw_implementation_cmake/cmake)
[1.209s] -- Found rmw_fastrtps_cpp: 6.2.7 (/opt/ros/humble/share/rmw_fastrtps_cpp/cmake)
[1.274s] -- Found OpenSSL: /usr/lib/x86_64-linux-gnu/libcrypto.so (found version "3.0.2")  
[1.292s] -- Found FastRTPS: /opt/ros/humble/include  
[1.320s] -- Using RMW implementation 'rmw_fastrtps_cpp' as default
[1.549s] -- Found eigen3_cmake_module: 0.1.1 (/opt/ros/humble/share/eigen3_cmake_module/cmake)
[1.550s] -- Found Eigen3: TRUE (found version "3.4.0") 
[1.551s] -- Ensuring Eigen3 include directory is part of orocos-kdl CMake target
[1.651s] [33mCMake Warning at CMakeLists.txt:122 (find_package):
[1.651s]   By not providing "Findzed_msgs.cmake" in CMAKE_MODULE_PATH this project has
[1.651s]   asked CMake to find a package configuration file provided by "zed_msgs",
[1.651s]   but CMake did not find one.
[1.651s] 
[1.651s]   Could not find a package configuration file provided by "zed_msgs" with any
[1.651s]   of the following names:
[1.651s] 
[1.651s]     zed_msgsConfig.cmake
[1.651s]     zed_msgs-config.cmake
[1.651s] 
[1.651s]   Add the installation prefix of "zed_msgs" to CMAKE_PREFIX_PATH or set
[1.651s]   "zed_msgs_DIR" to a directory containing one of the above files.  If
[1.651s]   "zed_msgs" provides a separate development package or SDK, be sure it has
[1.651s]   been installed.
[1.652s] 
[1.652s] [0m
[1.659s] [31mCMake Error at CMakeLists.txt:132 (find_package):
[1.659s]   By not providing "Findnmea_msgs.cmake" in CMAKE_MODULE_PATH this project
[1.659s]   has asked CMake to find a package configuration file provided by
[1.659s]   "nmea_msgs", but CMake did not find one.
[1.659s] 
[1.659s]   Could not find a package configuration file provided by "nmea_msgs" with
[1.659s]   any of the following names:
[1.659s] 
[1.659s]     nmea_msgsConfig.cmake
[1.659s]     nmea_msgs-config.cmake
[1.659s] 
[1.659s]   Add the installation prefix of "nmea_msgs" to CMAKE_PREFIX_PATH or set
[1.659s]   "nmea_msgs_DIR" to a directory containing one of the above files.  If
[1.659s]   "nmea_msgs" provides a separate development package or SDK, be sure it has
[1.659s]   been installed.
[1.659s] 
[1.659s] [0m
[1.659s] -- Configuring incomplete, errors occurred!
[1.659s] See also "/home/arcs/watcher/ros2_ws/build/zed_components/CMakeFiles/CMakeOutput.log".
[1.660s] See also "/home/arcs/watcher/ros2_ws/build/zed_components/CMakeFiles/CMakeError.log".
[1.667s] Invoked command in '/home/arcs/watcher/ros2_ws/build/zed_components' returned '1': CMAKE_PREFIX_PATH=/opt/ros/humble /usr/bin/cmake /home/arcs/watcher/ros2_ws/src/zed-ros2-wrapper/zed_components -DAMENT_CMAKE_SYMLINK_INSTALL=1 -DCMAKE_INSTALL_PREFIX=/home/arcs/watcher/ros2_ws/install/zed_components
