[0.007s] Invoking command in '/home/arcs/watcher/ros2_ws/build/zed_components': CMAKE_PREFIX_PATH=/opt/ros/humble /usr/bin/cmake /home/arcs/watcher/ros2_ws/src/zed-ros2-wrapper/zed_components -DAMENT_CMAKE_SYMLINK_INSTALL=1 -DCMAKE_INSTALL_PREFIX=/home/arcs/watcher/ros2_ws/install/zed_components
[0.041s] -- Found CUDA: /usr/local/cuda (found suitable version "12.6", minimum required is "12") 
[0.068s] -- Found CUDA: /usr/local/cuda (found version "12.6") 
[0.068s] -- Found ament_cmake_auto: 1.3.11 (/opt/ros/humble/share/ament_cmake_auto/cmake)
[0.151s] -- Override CMake install command with custom implementation using symlinks instead of copying resources
[0.208s] -- Found rosidl_generator_c: 3.1.6 (/opt/ros/humble/share/rosidl_generator_c/cmake)
[0.210s] -- Found rosidl_adapter: 3.1.6 (/opt/ros/humble/share/rosidl_adapter/cmake)
[0.214s] -- Found rosidl_generator_cpp: 3.1.6 (/opt/ros/humble/share/rosidl_generator_cpp/cmake)
[0.221s] -- Using all available rosidl_typesupport_c: rosidl_typesupport_fastrtps_c;rosidl_typesupport_introspection_c
[0.230s] -- Using all available rosidl_typesupport_cpp: rosidl_typesupport_fastrtps_cpp;rosidl_typesupport_introspection_cpp
[0.296s] -- Found rmw_implementation_cmake: 6.1.2 (/opt/ros/humble/share/rmw_implementation_cmake/cmake)
[0.297s] -- Found rmw_fastrtps_cpp: 6.2.7 (/opt/ros/humble/share/rmw_fastrtps_cpp/cmake)
[0.361s] -- Using RMW implementation 'rmw_fastrtps_cpp' as default
[0.515s] -- Found eigen3_cmake_module: 0.1.1 (/opt/ros/humble/share/eigen3_cmake_module/cmake)
[0.516s] -- Ensuring Eigen3 include directory is part of orocos-kdl CMake target
[0.597s] -- Found ament_lint_auto: 0.12.12 (/opt/ros/humble/share/ament_lint_auto/cmake)
[0.617s] -- Added test 'copyright' to check source files copyright and LICENSE
[0.618s] -- Added test 'cppcheck' to perform static code analysis on C / C++ code
[0.618s] -- Configured cppcheck include dirs: /home/arcs/watcher/ros2_ws/src/zed-ros2-wrapper/zed_components/src/include;/home/arcs/watcher/ros2_ws/src/zed-ros2-wrapper/zed_components/src/zed_camera/include;/home/arcs/watcher/ros2_ws/src/zed-ros2-wrapper/zed_components/src/tools/include
[0.618s] -- Configured cppcheck exclude dirs and/or files: 
[0.619s] -- Added test 'lint_cmake' to check CMake code style
[0.620s] -- Added test 'uncrustify' to check C / C++ code style
[0.620s] -- Configured uncrustify additional arguments: 
[0.620s] -- Added test 'xmllint' to check XML markup files
[0.622s] -- Configuring done
[0.641s] -- Generating done
[0.648s] -- Build files have been written to: /home/arcs/watcher/ros2_ws/build/zed_components
[0.654s] Invoked command in '/home/arcs/watcher/ros2_ws/build/zed_components' returned '0': CMAKE_PREFIX_PATH=/opt/ros/humble /usr/bin/cmake /home/arcs/watcher/ros2_ws/src/zed-ros2-wrapper/zed_components -DAMENT_CMAKE_SYMLINK_INSTALL=1 -DCMAKE_INSTALL_PREFIX=/home/arcs/watcher/ros2_ws/install/zed_components
[0.656s] Invoking command in '/home/arcs/watcher/ros2_ws/build/zed_components': CMAKE_PREFIX_PATH=/opt/ros/humble /usr/bin/cmake --build /home/arcs/watcher/ros2_ws/build/zed_components -- -j12 -l12
[0.683s] [35m[1mConsolidate compiler generated dependencies of target zed_camera_one_component[0m
[0.683s] [35m[1mConsolidate compiler generated dependencies of target zed_camera_component[0m
[0.697s] [ 10%] [32m[1mLinking CXX shared library libzed_camera_one_component.so[0m
[0.701s] [ 20%] [32m[1mLinking CXX shared library libzed_camera_component.so[0m
[0.962s] [ 60%] Built target zed_camera_one_component
[1.104s] [100%] Built target zed_camera_component
[1.120s] Invoked command in '/home/arcs/watcher/ros2_ws/build/zed_components' returned '0': CMAKE_PREFIX_PATH=/opt/ros/humble /usr/bin/cmake --build /home/arcs/watcher/ros2_ws/build/zed_components -- -j12 -l12
[1.132s] Invoking command in '/home/arcs/watcher/ros2_ws/build/zed_components': CMAKE_PREFIX_PATH=/opt/ros/humble /usr/bin/cmake --install /home/arcs/watcher/ros2_ws/build/zed_components
[1.138s] -- Install configuration: "Release"
[1.139s] -- Execute custom install script
[1.139s] -- Symlinking: /home/arcs/watcher/ros2_ws/install/zed_components/lib/libzed_camera_component.so
[1.146s] -- Symlinking: /home/arcs/watcher/ros2_ws/install/zed_components/lib/libzed_camera_one_component.so
[1.152s] -- Symlinking: /home/arcs/watcher/ros2_ws/install/zed_components/include/zed_components//cost_traversability.hpp
[1.158s] -- Symlinking: /home/arcs/watcher/ros2_ws/install/zed_components/include/zed_components//sl_types.hpp
[1.163s] -- Symlinking: /home/arcs/watcher/ros2_ws/install/zed_components/include/zed_components//zed_camera_component.hpp
[1.168s] -- Symlinking: /home/arcs/watcher/ros2_ws/install/zed_components/include/zed_components//zed_camera_one_component.hpp
[1.173s] -- Symlinking: /home/arcs/watcher/ros2_ws/install/zed_components/include/zed_components//gnss_replay.hpp
[1.178s] -- Symlinking: /home/arcs/watcher/ros2_ws/install/zed_components/include/zed_components//json.hpp
[1.183s] -- Symlinking: /home/arcs/watcher/ros2_ws/install/zed_components/include/zed_components//sl_logging.hpp
[1.187s] -- Symlinking: /home/arcs/watcher/ros2_ws/install/zed_components/include/zed_components//sl_tools.hpp
[1.192s] -- Symlinking: /home/arcs/watcher/ros2_ws/install/zed_components/include/zed_components//sl_win_avg.hpp
[1.197s] -- Symlinking: /home/arcs/watcher/ros2_ws/install/zed_components/include/zed_components//visibility_control.hpp
[1.202s] -- Symlinking: /home/arcs/watcher/ros2_ws/install/zed_components/share/zed_components/environment/library_path.sh
[1.206s] -- Symlinking: /home/arcs/watcher/ros2_ws/install/zed_components/share/zed_components/environment/library_path.dsv
[1.211s] -- Symlinking: /home/arcs/watcher/ros2_ws/install/zed_components/share/ament_index/resource_index/package_run_dependencies/zed_components
[1.216s] -- Symlinking: /home/arcs/watcher/ros2_ws/install/zed_components/share/ament_index/resource_index/parent_prefix_path/zed_components
[1.221s] -- Symlinking: /home/arcs/watcher/ros2_ws/install/zed_components/share/zed_components/environment/ament_prefix_path.sh
[1.226s] -- Symlinking: /home/arcs/watcher/ros2_ws/install/zed_components/share/zed_components/environment/ament_prefix_path.dsv
[1.231s] -- Symlinking: /home/arcs/watcher/ros2_ws/install/zed_components/share/zed_components/environment/path.sh
[1.237s] -- Symlinking: /home/arcs/watcher/ros2_ws/install/zed_components/share/zed_components/environment/path.dsv
[1.242s] -- Symlinking: /home/arcs/watcher/ros2_ws/install/zed_components/share/zed_components/local_setup.bash
[1.247s] -- Symlinking: /home/arcs/watcher/ros2_ws/install/zed_components/share/zed_components/local_setup.sh
[1.252s] -- Symlinking: /home/arcs/watcher/ros2_ws/install/zed_components/share/zed_components/local_setup.zsh
[1.257s] -- Symlinking: /home/arcs/watcher/ros2_ws/install/zed_components/share/zed_components/local_setup.dsv
[1.262s] -- Symlinking: /home/arcs/watcher/ros2_ws/install/zed_components/share/zed_components/package.dsv
[1.267s] -- Symlinking: /home/arcs/watcher/ros2_ws/install/zed_components/share/ament_index/resource_index/packages/zed_components
[1.272s] -- Symlinking: /home/arcs/watcher/ros2_ws/install/zed_components/share/ament_index/resource_index/rclcpp_components/zed_components
[1.277s] -- Symlinking: /home/arcs/watcher/ros2_ws/install/zed_components/share/zed_components/cmake/ament_cmake_export_include_directories-extras.cmake
[1.282s] -- Symlinking: /home/arcs/watcher/ros2_ws/install/zed_components/share/zed_components/cmake/ament_cmake_export_libraries-extras.cmake
[1.287s] -- Symlinking: /home/arcs/watcher/ros2_ws/install/zed_components/share/zed_components/cmake/ament_cmake_export_dependencies-extras.cmake
[1.292s] -- Symlinking: /home/arcs/watcher/ros2_ws/install/zed_components/share/zed_components/cmake/zed_componentsConfig.cmake
[1.297s] -- Symlinking: /home/arcs/watcher/ros2_ws/install/zed_components/share/zed_components/cmake/zed_componentsConfig-version.cmake
[1.301s] -- Symlinking: /home/arcs/watcher/ros2_ws/install/zed_components/share/zed_components/package.xml
[1.308s] Invoked command in '/home/arcs/watcher/ros2_ws/build/zed_components' returned '0': CMAKE_PREFIX_PATH=/opt/ros/humble /usr/bin/cmake --install /home/arcs/watcher/ros2_ws/build/zed_components
