[0.007s] Invoking command in '/home/arcs/watcher/ros2_ws/build/zed_components': CMAKE_PREFIX_PATH=/opt/ros/humble /usr/bin/cmake /home/arcs/watcher/ros2_ws/src/zed-ros2-wrapper/zed_components -DCMAKE_INSTALL_PREFIX=/home/arcs/watcher/ros2_ws/install/zed_components
[0.041s] -- Found CUDA: /usr/local/cuda (found suitable version "12.6", minimum required is "12") 
[0.068s] -- Found CUDA: /usr/local/cuda (found version "12.6") 
[0.069s] -- Found ament_cmake_auto: 1.3.11 (/opt/ros/humble/share/ament_cmake_auto/cmake)
[0.151s] -- Override CMake install command with custom implementation using symlinks instead of copying resources
[0.211s] -- Found rosidl_generator_c: 3.1.6 (/opt/ros/humble/share/rosidl_generator_c/cmake)
[0.213s] -- Found rosidl_adapter: 3.1.6 (/opt/ros/humble/share/rosidl_adapter/cmake)
[0.217s] -- Found rosidl_generator_cpp: 3.1.6 (/opt/ros/humble/share/rosidl_generator_cpp/cmake)
[0.223s] -- Using all available rosidl_typesupport_c: rosidl_typesupport_fastrtps_c;rosidl_typesupport_introspection_c
[0.232s] -- Using all available rosidl_typesupport_cpp: rosidl_typesupport_fastrtps_cpp;rosidl_typesupport_introspection_cpp
[0.303s] -- Found rmw_implementation_cmake: 6.1.2 (/opt/ros/humble/share/rmw_implementation_cmake/cmake)
[0.304s] -- Found rmw_fastrtps_cpp: 6.2.7 (/opt/ros/humble/share/rmw_fastrtps_cpp/cmake)
[0.368s] -- Using RMW implementation 'rmw_fastrtps_cpp' as default
[0.520s] -- Found eigen3_cmake_module: 0.1.1 (/opt/ros/humble/share/eigen3_cmake_module/cmake)
[0.522s] -- Ensuring Eigen3 include directory is part of orocos-kdl CMake target
[0.613s] [31mCMake Error at CMakeLists.txt:147 (find_package):
[0.613s]   By not providing "Findpoint_cloud_transport.cmake" in CMAKE_MODULE_PATH
[0.613s]   this project has asked CMake to find a package configuration file provided
[0.613s]   by "point_cloud_transport", but CMake did not find one.
[0.613s] 
[0.614s]   Could not find a package configuration file provided by
[0.614s]   "point_cloud_transport" with any of the following names:
[0.614s] 
[0.614s]     point_cloud_transportConfig.cmake
[0.614s]     point_cloud_transport-config.cmake
[0.614s] 
[0.614s]   Add the installation prefix of "point_cloud_transport" to CMAKE_PREFIX_PATH
[0.614s]   or set "point_cloud_transport_DIR" to a directory containing one of the
[0.614s]   above files.  If "point_cloud_transport" provides a separate development
[0.614s]   package or SDK, be sure it has been installed.
[0.614s] 
[0.614s] [0m
[0.614s] -- Configuring incomplete, errors occurred!
[0.614s] See also "/home/arcs/watcher/ros2_ws/build/zed_components/CMakeFiles/CMakeOutput.log".
[0.614s] See also "/home/arcs/watcher/ros2_ws/build/zed_components/CMakeFiles/CMakeError.log".
[0.619s] Invoked command in '/home/arcs/watcher/ros2_ws/build/zed_components' returned '1': CMAKE_PREFIX_PATH=/opt/ros/humble /usr/bin/cmake /home/arcs/watcher/ros2_ws/src/zed-ros2-wrapper/zed_components -DCMAKE_INSTALL_PREFIX=/home/arcs/watcher/ros2_ws/install/zed_components
