[0.008s] Invoking command in '/home/arcs/watcher/ros2_ws/build/zed_components': /usr/bin/cmake /home/arcs/watcher/ros2_ws/src/zed-ros2-wrapper/zed_components -DAMENT_CMAKE_SYMLINK_INSTALL=1 -DCMAKE_INSTALL_PREFIX=/home/arcs/watcher/ros2_ws/install/zed_components
[0.033s] [0m* ROS2 distro variable not set. Trying to figure it out...[0m
[0.035s] [0m*** WARNING *** ROS2 distro is unknown. This package could not work correctly.[0m
[0.063s] -- Found CUDA: /usr/local/cuda (found suitable version "12.6", minimum required is "12") 
[0.208s] -- Found CUDA: /usr/local/cuda (found version "12.6") 
[0.210s] -- Found ament_cmake_auto: 1.3.11 (/opt/ros/humble/share/ament_cmake_auto/cmake)
[0.305s] Traceback (most recent call last):
[0.305s]   File "/opt/ros/humble/share/ament_cmake_core/cmake/package_templates/templates_2_cmake.py", line 21, in <module>
[0.305s]     from ament_package.templates import get_environment_hook_template_path
[0.305s] ModuleNotFoundError: No module named 'ament_package'
[0.312s] [31mCMake Error at /opt/ros/humble/share/ament_cmake_core/cmake/ament_cmake_package_templates-extras.cmake:41 (message):
[0.312s]   execute_process(/usr/bin/python3
[0.312s]   /opt/ros/humble/share/ament_cmake_core/cmake/package_templates/templates_2_cmake.py
[0.312s]   /home/arcs/watcher/ros2_ws/build/zed_components/ament_cmake_package_templates/templates.cmake)
[0.312s]   returned error code 1
[0.312s] Call Stack (most recent call first):
[0.312s]   /opt/ros/humble/share/ament_cmake_core/cmake/ament_cmake_coreConfig.cmake:41 (include)
[0.312s]   /opt/ros/humble/share/ament_cmake/cmake/ament_cmake_export_dependencies-extras.cmake:15 (find_package)
[0.312s]   /opt/ros/humble/share/ament_cmake/cmake/ament_cmakeConfig.cmake:41 (include)
[0.312s]   /opt/ros/humble/share/ament_cmake_auto/cmake/ament_cmake_auto-extras.cmake:17 (find_package)
[0.312s]   /opt/ros/humble/share/ament_cmake_auto/cmake/ament_cmake_autoConfig.cmake:41 (include)
[0.313s]   CMakeLists.txt:118 (find_package)
[0.313s] 
[0.313s] [0m
[0.313s] -- Configuring incomplete, errors occurred!
[0.313s] See also "/home/arcs/watcher/ros2_ws/build/zed_components/CMakeFiles/CMakeOutput.log".
[0.313s] See also "/home/arcs/watcher/ros2_ws/build/zed_components/CMakeFiles/CMakeError.log".
[0.316s] Invoked command in '/home/arcs/watcher/ros2_ws/build/zed_components' returned '1': /usr/bin/cmake /home/arcs/watcher/ros2_ws/src/zed-ros2-wrapper/zed_components -DAMENT_CMAKE_SYMLINK_INSTALL=1 -DCMAKE_INSTALL_PREFIX=/home/arcs/watcher/ros2_ws/install/zed_components
