[0.077s] DEBUG:colcon:Command line arguments: ['/usr/bin/colcon', 'build', '--symlink-install']
[0.077s] DEBUG:colcon:Parsed command line arguments: Namespace(log_base=None, log_level=None, verb_name='build', build_base='build', install_base='install', merge_install=False, symlink_install=True, test_result_base=None, continue_on_error=False, executor='parallel', parallel_workers=12, event_handlers=None, ignore_user_meta=False, metas=['./colcon.meta'], base_paths=['.'], packages_ignore=None, packages_ignore_regex=None, paths=None, packages_up_to=None, packages_up_to_regex=None, packages_above=None, packages_above_and_dependencies=None, packages_above_depth=None, packages_select_by_dep=None, packages_skip_by_dep=None, packages_skip_up_to=None, packages_select_build_failed=False, packages_skip_build_finished=False, packages_select_test_failures=False, packages_skip_test_passed=False, packages_select=None, packages_skip=None, packages_select_regex=None, packages_skip_regex=None, packages_start=None, packages_end=None, allow_overriding=[], cmake_args=None, cmake_target=None, cmake_target_skip_unavailable=False, cmake_clean_cache=False, cmake_clean_first=False, cmake_force_configure=False, ament_cmake_args=None, catkin_cmake_args=None, catkin_skip_building_tests=False, mixin_files=None, mixin=None, verb_parser=<colcon_mixin.mixin.mixin_argument.MixinArgumentDecorator object at 0x7dbee9b2aaa0>, verb_extension=<colcon_core.verb.build.BuildVerb object at 0x7dbee9b2a470>, main=<bound method BuildVerb.main of <colcon_core.verb.build.BuildVerb object at 0x7dbee9b2a470>>, mixin_verb=('build',))
[0.202s] Level 1:colcon.colcon_core.package_discovery:discover_packages(colcon_meta) check parameters
[0.202s] Level 1:colcon.colcon_core.package_discovery:discover_packages(recursive) check parameters
[0.202s] Level 1:colcon.colcon_core.package_discovery:discover_packages(ignore) check parameters
[0.202s] Level 1:colcon.colcon_core.package_discovery:discover_packages(path) check parameters
[0.202s] Level 1:colcon.colcon_core.package_discovery:discover_packages(colcon_meta) discover
[0.202s] Level 1:colcon.colcon_core.package_discovery:discover_packages(recursive) discover
[0.202s] INFO:colcon.colcon_core.package_discovery:Crawling recursively for packages in '/home/arcs/watcher/ros2_ws'
[0.202s] Level 1:colcon.colcon_core.package_identification:_identify(.) by extensions ['ignore', 'ignore_ament_install']
[0.202s] Level 1:colcon.colcon_core.package_identification:_identify(.) by extension 'ignore'
[0.202s] Level 1:colcon.colcon_core.package_identification:_identify(.) by extension 'ignore_ament_install'
[0.202s] Level 1:colcon.colcon_core.package_identification:_identify(.) by extensions ['colcon_pkg']
[0.202s] Level 1:colcon.colcon_core.package_identification:_identify(.) by extension 'colcon_pkg'
[0.203s] Level 1:colcon.colcon_core.package_identification:_identify(.) by extensions ['colcon_meta']
[0.203s] Level 1:colcon.colcon_core.package_identification:_identify(.) by extension 'colcon_meta'
[0.203s] Level 1:colcon.colcon_core.package_identification:_identify(.) by extensions ['ros']
[0.203s] Level 1:colcon.colcon_core.package_identification:_identify(.) by extension 'ros'
[0.210s] Level 1:colcon.colcon_core.package_identification:_identify(.) by extensions ['cmake', 'python']
[0.210s] Level 1:colcon.colcon_core.package_identification:_identify(.) by extension 'cmake'
[0.210s] Level 1:colcon.colcon_core.package_identification:_identify(.) by extension 'python'
[0.210s] Level 1:colcon.colcon_core.package_identification:_identify(.) by extensions ['python_setup_py']
[0.210s] Level 1:colcon.colcon_core.package_identification:_identify(.) by extension 'python_setup_py'
[0.210s] Level 1:colcon.colcon_core.package_identification:_identify(build) by extensions ['ignore', 'ignore_ament_install']
[0.210s] Level 1:colcon.colcon_core.package_identification:_identify(build) by extension 'ignore'
[0.210s] Level 1:colcon.colcon_core.package_identification:_identify(build) ignored
[0.210s] Level 1:colcon.colcon_core.package_identification:_identify(install) by extensions ['ignore', 'ignore_ament_install']
[0.210s] Level 1:colcon.colcon_core.package_identification:_identify(install) by extension 'ignore'
[0.210s] Level 1:colcon.colcon_core.package_identification:_identify(install) ignored
[0.210s] Level 1:colcon.colcon_core.package_identification:_identify(log) by extensions ['ignore', 'ignore_ament_install']
[0.210s] Level 1:colcon.colcon_core.package_identification:_identify(log) by extension 'ignore'
[0.210s] Level 1:colcon.colcon_core.package_identification:_identify(log) ignored
[0.211s] Level 1:colcon.colcon_core.package_identification:_identify(src) by extensions ['ignore', 'ignore_ament_install']
[0.211s] Level 1:colcon.colcon_core.package_identification:_identify(src) by extension 'ignore'
[0.211s] Level 1:colcon.colcon_core.package_identification:_identify(src) by extension 'ignore_ament_install'
[0.211s] Level 1:colcon.colcon_core.package_identification:_identify(src) by extensions ['colcon_pkg']
[0.211s] Level 1:colcon.colcon_core.package_identification:_identify(src) by extension 'colcon_pkg'
[0.211s] Level 1:colcon.colcon_core.package_identification:_identify(src) by extensions ['colcon_meta']
[0.211s] Level 1:colcon.colcon_core.package_identification:_identify(src) by extension 'colcon_meta'
[0.211s] Level 1:colcon.colcon_core.package_identification:_identify(src) by extensions ['ros']
[0.211s] Level 1:colcon.colcon_core.package_identification:_identify(src) by extension 'ros'
[0.211s] Level 1:colcon.colcon_core.package_identification:_identify(src) by extensions ['cmake', 'python']
[0.211s] Level 1:colcon.colcon_core.package_identification:_identify(src) by extension 'cmake'
[0.211s] Level 1:colcon.colcon_core.package_identification:_identify(src) by extension 'python'
[0.211s] Level 1:colcon.colcon_core.package_identification:_identify(src) by extensions ['python_setup_py']
[0.211s] Level 1:colcon.colcon_core.package_identification:_identify(src) by extension 'python_setup_py'
[0.211s] Level 1:colcon.colcon_core.package_identification:_identify(src/zed-ros2-wrapper) by extensions ['ignore', 'ignore_ament_install']
[0.211s] Level 1:colcon.colcon_core.package_identification:_identify(src/zed-ros2-wrapper) by extension 'ignore'
[0.211s] Level 1:colcon.colcon_core.package_identification:_identify(src/zed-ros2-wrapper) by extension 'ignore_ament_install'
[0.211s] Level 1:colcon.colcon_core.package_identification:_identify(src/zed-ros2-wrapper) by extensions ['colcon_pkg']
[0.211s] Level 1:colcon.colcon_core.package_identification:_identify(src/zed-ros2-wrapper) by extension 'colcon_pkg'
[0.211s] Level 1:colcon.colcon_core.package_identification:_identify(src/zed-ros2-wrapper) by extensions ['colcon_meta']
[0.211s] Level 1:colcon.colcon_core.package_identification:_identify(src/zed-ros2-wrapper) by extension 'colcon_meta'
[0.211s] Level 1:colcon.colcon_core.package_identification:_identify(src/zed-ros2-wrapper) by extensions ['ros']
[0.211s] Level 1:colcon.colcon_core.package_identification:_identify(src/zed-ros2-wrapper) by extension 'ros'
[0.211s] Level 1:colcon.colcon_core.package_identification:_identify(src/zed-ros2-wrapper) by extensions ['cmake', 'python']
[0.211s] Level 1:colcon.colcon_core.package_identification:_identify(src/zed-ros2-wrapper) by extension 'cmake'
[0.211s] Level 1:colcon.colcon_core.package_identification:_identify(src/zed-ros2-wrapper) by extension 'python'
[0.211s] Level 1:colcon.colcon_core.package_identification:_identify(src/zed-ros2-wrapper) by extensions ['python_setup_py']
[0.211s] Level 1:colcon.colcon_core.package_identification:_identify(src/zed-ros2-wrapper) by extension 'python_setup_py'
[0.212s] Level 1:colcon.colcon_core.package_identification:_identify(src/zed-ros2-wrapper/docker) by extensions ['ignore', 'ignore_ament_install']
[0.212s] Level 1:colcon.colcon_core.package_identification:_identify(src/zed-ros2-wrapper/docker) by extension 'ignore'
[0.212s] Level 1:colcon.colcon_core.package_identification:_identify(src/zed-ros2-wrapper/docker) by extension 'ignore_ament_install'
[0.212s] Level 1:colcon.colcon_core.package_identification:_identify(src/zed-ros2-wrapper/docker) by extensions ['colcon_pkg']
[0.212s] Level 1:colcon.colcon_core.package_identification:_identify(src/zed-ros2-wrapper/docker) by extension 'colcon_pkg'
[0.212s] Level 1:colcon.colcon_core.package_identification:_identify(src/zed-ros2-wrapper/docker) by extensions ['colcon_meta']
[0.212s] Level 1:colcon.colcon_core.package_identification:_identify(src/zed-ros2-wrapper/docker) by extension 'colcon_meta'
[0.212s] Level 1:colcon.colcon_core.package_identification:_identify(src/zed-ros2-wrapper/docker) by extensions ['ros']
[0.212s] Level 1:colcon.colcon_core.package_identification:_identify(src/zed-ros2-wrapper/docker) by extension 'ros'
[0.212s] Level 1:colcon.colcon_core.package_identification:_identify(src/zed-ros2-wrapper/docker) by extensions ['cmake', 'python']
[0.212s] Level 1:colcon.colcon_core.package_identification:_identify(src/zed-ros2-wrapper/docker) by extension 'cmake'
[0.212s] Level 1:colcon.colcon_core.package_identification:_identify(src/zed-ros2-wrapper/docker) by extension 'python'
[0.212s] Level 1:colcon.colcon_core.package_identification:_identify(src/zed-ros2-wrapper/docker) by extensions ['python_setup_py']
[0.212s] Level 1:colcon.colcon_core.package_identification:_identify(src/zed-ros2-wrapper/docker) by extension 'python_setup_py'
[0.212s] Level 1:colcon.colcon_core.package_identification:_identify(src/zed-ros2-wrapper/images) by extensions ['ignore', 'ignore_ament_install']
[0.212s] Level 1:colcon.colcon_core.package_identification:_identify(src/zed-ros2-wrapper/images) by extension 'ignore'
[0.212s] Level 1:colcon.colcon_core.package_identification:_identify(src/zed-ros2-wrapper/images) by extension 'ignore_ament_install'
[0.212s] Level 1:colcon.colcon_core.package_identification:_identify(src/zed-ros2-wrapper/images) by extensions ['colcon_pkg']
[0.212s] Level 1:colcon.colcon_core.package_identification:_identify(src/zed-ros2-wrapper/images) by extension 'colcon_pkg'
[0.212s] Level 1:colcon.colcon_core.package_identification:_identify(src/zed-ros2-wrapper/images) by extensions ['colcon_meta']
[0.212s] Level 1:colcon.colcon_core.package_identification:_identify(src/zed-ros2-wrapper/images) by extension 'colcon_meta'
[0.212s] Level 1:colcon.colcon_core.package_identification:_identify(src/zed-ros2-wrapper/images) by extensions ['ros']
[0.212s] Level 1:colcon.colcon_core.package_identification:_identify(src/zed-ros2-wrapper/images) by extension 'ros'
[0.212s] Level 1:colcon.colcon_core.package_identification:_identify(src/zed-ros2-wrapper/images) by extensions ['cmake', 'python']
[0.212s] Level 1:colcon.colcon_core.package_identification:_identify(src/zed-ros2-wrapper/images) by extension 'cmake'
[0.212s] Level 1:colcon.colcon_core.package_identification:_identify(src/zed-ros2-wrapper/images) by extension 'python'
[0.212s] Level 1:colcon.colcon_core.package_identification:_identify(src/zed-ros2-wrapper/images) by extensions ['python_setup_py']
[0.212s] Level 1:colcon.colcon_core.package_identification:_identify(src/zed-ros2-wrapper/images) by extension 'python_setup_py'
[0.213s] Level 1:colcon.colcon_core.package_identification:_identify(src/zed-ros2-wrapper/zed_components) by extensions ['ignore', 'ignore_ament_install']
[0.213s] Level 1:colcon.colcon_core.package_identification:_identify(src/zed-ros2-wrapper/zed_components) by extension 'ignore'
[0.213s] Level 1:colcon.colcon_core.package_identification:_identify(src/zed-ros2-wrapper/zed_components) by extension 'ignore_ament_install'
[0.213s] Level 1:colcon.colcon_core.package_identification:_identify(src/zed-ros2-wrapper/zed_components) by extensions ['colcon_pkg']
[0.213s] Level 1:colcon.colcon_core.package_identification:_identify(src/zed-ros2-wrapper/zed_components) by extension 'colcon_pkg'
[0.213s] Level 1:colcon.colcon_core.package_identification:_identify(src/zed-ros2-wrapper/zed_components) by extensions ['colcon_meta']
[0.213s] Level 1:colcon.colcon_core.package_identification:_identify(src/zed-ros2-wrapper/zed_components) by extension 'colcon_meta'
[0.213s] Level 1:colcon.colcon_core.package_identification:_identify(src/zed-ros2-wrapper/zed_components) by extensions ['ros']
[0.213s] Level 1:colcon.colcon_core.package_identification:_identify(src/zed-ros2-wrapper/zed_components) by extension 'ros'
[0.215s] DEBUG:colcon.colcon_core.package_identification:Package 'src/zed-ros2-wrapper/zed_components' with type 'ros.ament_cmake' and name 'zed_components'
[0.215s] Level 1:colcon.colcon_core.package_identification:_identify(src/zed-ros2-wrapper/zed_ros2) by extensions ['ignore', 'ignore_ament_install']
[0.216s] Level 1:colcon.colcon_core.package_identification:_identify(src/zed-ros2-wrapper/zed_ros2) by extension 'ignore'
[0.216s] Level 1:colcon.colcon_core.package_identification:_identify(src/zed-ros2-wrapper/zed_ros2) by extension 'ignore_ament_install'
[0.216s] Level 1:colcon.colcon_core.package_identification:_identify(src/zed-ros2-wrapper/zed_ros2) by extensions ['colcon_pkg']
[0.216s] Level 1:colcon.colcon_core.package_identification:_identify(src/zed-ros2-wrapper/zed_ros2) by extension 'colcon_pkg'
[0.216s] Level 1:colcon.colcon_core.package_identification:_identify(src/zed-ros2-wrapper/zed_ros2) by extensions ['colcon_meta']
[0.216s] Level 1:colcon.colcon_core.package_identification:_identify(src/zed-ros2-wrapper/zed_ros2) by extension 'colcon_meta'
[0.216s] Level 1:colcon.colcon_core.package_identification:_identify(src/zed-ros2-wrapper/zed_ros2) by extensions ['ros']
[0.216s] Level 1:colcon.colcon_core.package_identification:_identify(src/zed-ros2-wrapper/zed_ros2) by extension 'ros'
[0.216s] DEBUG:colcon.colcon_core.package_identification:Package 'src/zed-ros2-wrapper/zed_ros2' with type 'ros.ament_cmake' and name 'zed_ros2'
[0.216s] Level 1:colcon.colcon_core.package_identification:_identify(src/zed-ros2-wrapper/zed_wrapper) by extensions ['ignore', 'ignore_ament_install']
[0.216s] Level 1:colcon.colcon_core.package_identification:_identify(src/zed-ros2-wrapper/zed_wrapper) by extension 'ignore'
[0.216s] Level 1:colcon.colcon_core.package_identification:_identify(src/zed-ros2-wrapper/zed_wrapper) by extension 'ignore_ament_install'
[0.216s] Level 1:colcon.colcon_core.package_identification:_identify(src/zed-ros2-wrapper/zed_wrapper) by extensions ['colcon_pkg']
[0.216s] Level 1:colcon.colcon_core.package_identification:_identify(src/zed-ros2-wrapper/zed_wrapper) by extension 'colcon_pkg'
[0.216s] Level 1:colcon.colcon_core.package_identification:_identify(src/zed-ros2-wrapper/zed_wrapper) by extensions ['colcon_meta']
[0.216s] Level 1:colcon.colcon_core.package_identification:_identify(src/zed-ros2-wrapper/zed_wrapper) by extension 'colcon_meta'
[0.216s] Level 1:colcon.colcon_core.package_identification:_identify(src/zed-ros2-wrapper/zed_wrapper) by extensions ['ros']
[0.217s] Level 1:colcon.colcon_core.package_identification:_identify(src/zed-ros2-wrapper/zed_wrapper) by extension 'ros'
[0.217s] DEBUG:colcon.colcon_core.package_identification:Package 'src/zed-ros2-wrapper/zed_wrapper' with type 'ros.ament_cmake' and name 'zed_wrapper'
[0.217s] Level 1:colcon.colcon_core.package_discovery:discover_packages(recursive) using defaults
[0.217s] Level 1:colcon.colcon_core.package_discovery:discover_packages(ignore) discover
[0.217s] Level 1:colcon.colcon_core.package_discovery:discover_packages(ignore) using defaults
[0.217s] Level 1:colcon.colcon_core.package_discovery:discover_packages(path) discover
[0.217s] Level 1:colcon.colcon_core.package_discovery:discover_packages(path) using defaults
[0.237s] Level 1:colcon.colcon_core.package_discovery:discover_packages(prefix_path) check parameters
[0.237s] Level 1:colcon.colcon_core.package_discovery:discover_packages(prefix_path) discover
[0.238s] DEBUG:colcon.colcon_installed_package_information.package_discovery:Found 1 installed packages in /home/arcs/watcher/ros2_ws/install
[0.239s] DEBUG:colcon.colcon_installed_package_information.package_discovery:Found 386 installed packages in /opt/ros/humble
[0.240s] Level 1:colcon.colcon_core.package_discovery:discover_packages(prefix_path) using defaults
[0.273s] Level 5:colcon.colcon_core.verb:set package 'zed_components' build argument 'cmake_args' from command line to 'None'
[0.274s] Level 5:colcon.colcon_core.verb:set package 'zed_components' build argument 'cmake_target' from command line to 'None'
[0.274s] Level 5:colcon.colcon_core.verb:set package 'zed_components' build argument 'cmake_target_skip_unavailable' from command line to 'False'
[0.274s] Level 5:colcon.colcon_core.verb:set package 'zed_components' build argument 'cmake_clean_cache' from command line to 'False'
[0.274s] Level 5:colcon.colcon_core.verb:set package 'zed_components' build argument 'cmake_clean_first' from command line to 'False'
[0.274s] Level 5:colcon.colcon_core.verb:set package 'zed_components' build argument 'cmake_force_configure' from command line to 'False'
[0.274s] Level 5:colcon.colcon_core.verb:set package 'zed_components' build argument 'ament_cmake_args' from command line to 'None'
[0.274s] Level 5:colcon.colcon_core.verb:set package 'zed_components' build argument 'catkin_cmake_args' from command line to 'None'
[0.274s] Level 5:colcon.colcon_core.verb:set package 'zed_components' build argument 'catkin_skip_building_tests' from command line to 'False'
[0.274s] DEBUG:colcon.colcon_core.verb:Building package 'zed_components' with the following arguments: {'ament_cmake_args': None, 'build_base': '/home/arcs/watcher/ros2_ws/build/zed_components', 'catkin_cmake_args': None, 'catkin_skip_building_tests': False, 'cmake_args': None, 'cmake_clean_cache': False, 'cmake_clean_first': False, 'cmake_force_configure': False, 'cmake_target': None, 'cmake_target_skip_unavailable': False, 'install_base': '/home/arcs/watcher/ros2_ws/install/zed_components', 'merge_install': False, 'path': '/home/arcs/watcher/ros2_ws/src/zed-ros2-wrapper/zed_components', 'symlink_install': True, 'test_result_base': None}
[0.274s] Level 5:colcon.colcon_core.verb:set package 'zed_wrapper' build argument 'cmake_args' from command line to 'None'
[0.274s] Level 5:colcon.colcon_core.verb:set package 'zed_wrapper' build argument 'cmake_target' from command line to 'None'
[0.274s] Level 5:colcon.colcon_core.verb:set package 'zed_wrapper' build argument 'cmake_target_skip_unavailable' from command line to 'False'
[0.274s] Level 5:colcon.colcon_core.verb:set package 'zed_wrapper' build argument 'cmake_clean_cache' from command line to 'False'
[0.274s] Level 5:colcon.colcon_core.verb:set package 'zed_wrapper' build argument 'cmake_clean_first' from command line to 'False'
[0.274s] Level 5:colcon.colcon_core.verb:set package 'zed_wrapper' build argument 'cmake_force_configure' from command line to 'False'
[0.274s] Level 5:colcon.colcon_core.verb:set package 'zed_wrapper' build argument 'ament_cmake_args' from command line to 'None'
[0.274s] Level 5:colcon.colcon_core.verb:set package 'zed_wrapper' build argument 'catkin_cmake_args' from command line to 'None'
[0.274s] Level 5:colcon.colcon_core.verb:set package 'zed_wrapper' build argument 'catkin_skip_building_tests' from command line to 'False'
[0.274s] DEBUG:colcon.colcon_core.verb:Building package 'zed_wrapper' with the following arguments: {'ament_cmake_args': None, 'build_base': '/home/arcs/watcher/ros2_ws/build/zed_wrapper', 'catkin_cmake_args': None, 'catkin_skip_building_tests': False, 'cmake_args': None, 'cmake_clean_cache': False, 'cmake_clean_first': False, 'cmake_force_configure': False, 'cmake_target': None, 'cmake_target_skip_unavailable': False, 'install_base': '/home/arcs/watcher/ros2_ws/install/zed_wrapper', 'merge_install': False, 'path': '/home/arcs/watcher/ros2_ws/src/zed-ros2-wrapper/zed_wrapper', 'symlink_install': True, 'test_result_base': None}
[0.274s] Level 5:colcon.colcon_core.verb:set package 'zed_ros2' build argument 'cmake_args' from command line to 'None'
[0.274s] Level 5:colcon.colcon_core.verb:set package 'zed_ros2' build argument 'cmake_target' from command line to 'None'
[0.274s] Level 5:colcon.colcon_core.verb:set package 'zed_ros2' build argument 'cmake_target_skip_unavailable' from command line to 'False'
[0.274s] Level 5:colcon.colcon_core.verb:set package 'zed_ros2' build argument 'cmake_clean_cache' from command line to 'False'
[0.274s] Level 5:colcon.colcon_core.verb:set package 'zed_ros2' build argument 'cmake_clean_first' from command line to 'False'
[0.275s] Level 5:colcon.colcon_core.verb:set package 'zed_ros2' build argument 'cmake_force_configure' from command line to 'False'
[0.275s] Level 5:colcon.colcon_core.verb:set package 'zed_ros2' build argument 'ament_cmake_args' from command line to 'None'
[0.275s] Level 5:colcon.colcon_core.verb:set package 'zed_ros2' build argument 'catkin_cmake_args' from command line to 'None'
[0.275s] Level 5:colcon.colcon_core.verb:set package 'zed_ros2' build argument 'catkin_skip_building_tests' from command line to 'False'
[0.275s] DEBUG:colcon.colcon_core.verb:Building package 'zed_ros2' with the following arguments: {'ament_cmake_args': None, 'build_base': '/home/arcs/watcher/ros2_ws/build/zed_ros2', 'catkin_cmake_args': None, 'catkin_skip_building_tests': False, 'cmake_args': None, 'cmake_clean_cache': False, 'cmake_clean_first': False, 'cmake_force_configure': False, 'cmake_target': None, 'cmake_target_skip_unavailable': False, 'install_base': '/home/arcs/watcher/ros2_ws/install/zed_ros2', 'merge_install': False, 'path': '/home/arcs/watcher/ros2_ws/src/zed-ros2-wrapper/zed_ros2', 'symlink_install': True, 'test_result_base': None}
[0.275s] INFO:colcon.colcon_core.executor:Executing jobs using 'parallel' executor
[0.276s] DEBUG:colcon.colcon_parallel_executor.executor.parallel:run_until_complete
[0.276s] INFO:colcon.colcon_ros.task.ament_cmake.build:Building ROS package in '/home/arcs/watcher/ros2_ws/src/zed-ros2-wrapper/zed_components' with build type 'ament_cmake'
[0.276s] INFO:colcon.colcon_cmake.task.cmake.build:Building CMake package in '/home/arcs/watcher/ros2_ws/src/zed-ros2-wrapper/zed_components'
[0.277s] INFO:colcon.colcon_core.plugin_system:Skipping extension 'colcon_core.shell.bat': Not used on non-Windows systems
[0.277s] INFO:colcon.colcon_core.shell:Skip shell extension 'powershell' for command environment: Not usable outside of PowerShell
[0.277s] DEBUG:colcon.colcon_core.shell:Skip shell extension 'dsv' for command environment
[0.283s] DEBUG:colcon.colcon_core.event_handler.log_command:Invoking command in '/home/arcs/watcher/ros2_ws/build/zed_components': CMAKE_PREFIX_PATH=/opt/ros/humble /usr/bin/cmake /home/arcs/watcher/ros2_ws/src/zed-ros2-wrapper/zed_components -DAMENT_CMAKE_SYMLINK_INSTALL=1 -DCMAKE_INSTALL_PREFIX=/home/arcs/watcher/ros2_ws/install/zed_components
[0.930s] DEBUG:colcon.colcon_core.event_handler.log_command:Invoked command in '/home/arcs/watcher/ros2_ws/build/zed_components' returned '0': CMAKE_PREFIX_PATH=/opt/ros/humble /usr/bin/cmake /home/arcs/watcher/ros2_ws/src/zed-ros2-wrapper/zed_components -DAMENT_CMAKE_SYMLINK_INSTALL=1 -DCMAKE_INSTALL_PREFIX=/home/arcs/watcher/ros2_ws/install/zed_components
[0.932s] DEBUG:colcon.colcon_core.event_handler.log_command:Invoking command in '/home/arcs/watcher/ros2_ws/build/zed_components': CMAKE_PREFIX_PATH=/opt/ros/humble /usr/bin/cmake --build /home/arcs/watcher/ros2_ws/build/zed_components -- -j12 -l12
[1.396s] DEBUG:colcon.colcon_core.event_handler.log_command:Invoked command in '/home/arcs/watcher/ros2_ws/build/zed_components' returned '0': CMAKE_PREFIX_PATH=/opt/ros/humble /usr/bin/cmake --build /home/arcs/watcher/ros2_ws/build/zed_components -- -j12 -l12
[1.408s] DEBUG:colcon.colcon_core.event_handler.log_command:Invoking command in '/home/arcs/watcher/ros2_ws/build/zed_components': CMAKE_PREFIX_PATH=/opt/ros/humble /usr/bin/cmake --install /home/arcs/watcher/ros2_ws/build/zed_components
[1.583s] Level 1:colcon.colcon_core.environment:create_environment_scripts_only(zed_components)
[1.583s] DEBUG:colcon.colcon_core.event_handler.log_command:Invoked command in '/home/arcs/watcher/ros2_ws/build/zed_components' returned '0': CMAKE_PREFIX_PATH=/opt/ros/humble /usr/bin/cmake --install /home/arcs/watcher/ros2_ws/build/zed_components
[1.585s] Level 1:colcon.colcon_core.environment:checking '/home/arcs/watcher/ros2_ws/install/zed_components' for CMake module files
[1.585s] Level 1:colcon.colcon_core.environment:checking '/home/arcs/watcher/ros2_ws/install/zed_components' for CMake config files
[1.586s] Level 1:colcon.colcon_core.shell:create_environment_hook('zed_components', 'cmake_prefix_path')
[1.586s] INFO:colcon.colcon_core.shell:Creating environment hook '/home/arcs/watcher/ros2_ws/install/zed_components/share/zed_components/hook/cmake_prefix_path.ps1'
[1.586s] INFO:colcon.colcon_core.shell:Creating environment descriptor '/home/arcs/watcher/ros2_ws/install/zed_components/share/zed_components/hook/cmake_prefix_path.dsv'
[1.586s] INFO:colcon.colcon_core.shell:Creating environment hook '/home/arcs/watcher/ros2_ws/install/zed_components/share/zed_components/hook/cmake_prefix_path.sh'
[1.587s] Level 1:colcon.colcon_core.environment:checking '/home/arcs/watcher/ros2_ws/install/zed_components/lib'
[1.587s] Level 1:colcon.colcon_core.shell:create_environment_hook('zed_components', 'ld_library_path_lib')
[1.587s] INFO:colcon.colcon_core.shell:Creating environment hook '/home/arcs/watcher/ros2_ws/install/zed_components/share/zed_components/hook/ld_library_path_lib.ps1'
[1.588s] INFO:colcon.colcon_core.shell:Creating environment descriptor '/home/arcs/watcher/ros2_ws/install/zed_components/share/zed_components/hook/ld_library_path_lib.dsv'
[1.588s] INFO:colcon.colcon_core.shell:Creating environment hook '/home/arcs/watcher/ros2_ws/install/zed_components/share/zed_components/hook/ld_library_path_lib.sh'
[1.588s] Level 1:colcon.colcon_core.environment:checking '/home/arcs/watcher/ros2_ws/install/zed_components/bin'
[1.588s] Level 1:colcon.colcon_core.environment:checking '/home/arcs/watcher/ros2_ws/install/zed_components/lib/pkgconfig/zed_components.pc'
[1.588s] Level 1:colcon.colcon_core.environment:checking '/home/arcs/watcher/ros2_ws/install/zed_components/lib/python3.10/site-packages'
[1.588s] Level 1:colcon.colcon_core.environment:checking '/home/arcs/watcher/ros2_ws/install/zed_components/bin'
[1.589s] INFO:colcon.colcon_core.shell:Creating package script '/home/arcs/watcher/ros2_ws/install/zed_components/share/zed_components/package.ps1'
[1.589s] INFO:colcon.colcon_core.shell:Creating package descriptor '/home/arcs/watcher/ros2_ws/install/zed_components/share/zed_components/package.dsv'
[1.590s] INFO:colcon.colcon_core.shell:Creating package script '/home/arcs/watcher/ros2_ws/install/zed_components/share/zed_components/package.sh'
[1.590s] INFO:colcon.colcon_core.shell:Creating package script '/home/arcs/watcher/ros2_ws/install/zed_components/share/zed_components/package.bash'
[1.591s] INFO:colcon.colcon_core.shell:Creating package script '/home/arcs/watcher/ros2_ws/install/zed_components/share/zed_components/package.zsh'
[1.591s] Level 1:colcon.colcon_core.environment:create_file_with_runtime_dependencies(/home/arcs/watcher/ros2_ws/install/zed_components/share/colcon-core/packages/zed_components)
[1.592s] Level 1:colcon.colcon_core.environment:create_environment_scripts_only(zed_components)
[1.592s] Level 1:colcon.colcon_core.environment:checking '/home/arcs/watcher/ros2_ws/install/zed_components' for CMake module files
[1.592s] Level 1:colcon.colcon_core.environment:checking '/home/arcs/watcher/ros2_ws/install/zed_components' for CMake config files
[1.592s] Level 1:colcon.colcon_core.shell:create_environment_hook('zed_components', 'cmake_prefix_path')
[1.592s] INFO:colcon.colcon_core.shell:Creating environment hook '/home/arcs/watcher/ros2_ws/install/zed_components/share/zed_components/hook/cmake_prefix_path.ps1'
[1.596s] INFO:colcon.colcon_core.shell:Creating environment descriptor '/home/arcs/watcher/ros2_ws/install/zed_components/share/zed_components/hook/cmake_prefix_path.dsv'
[1.596s] INFO:colcon.colcon_core.shell:Creating environment hook '/home/arcs/watcher/ros2_ws/install/zed_components/share/zed_components/hook/cmake_prefix_path.sh'
[1.597s] Level 1:colcon.colcon_core.environment:checking '/home/arcs/watcher/ros2_ws/install/zed_components/lib'
[1.597s] Level 1:colcon.colcon_core.shell:create_environment_hook('zed_components', 'ld_library_path_lib')
[1.597s] INFO:colcon.colcon_core.shell:Creating environment hook '/home/arcs/watcher/ros2_ws/install/zed_components/share/zed_components/hook/ld_library_path_lib.ps1'
[1.597s] INFO:colcon.colcon_core.shell:Creating environment descriptor '/home/arcs/watcher/ros2_ws/install/zed_components/share/zed_components/hook/ld_library_path_lib.dsv'
[1.597s] INFO:colcon.colcon_core.shell:Creating environment hook '/home/arcs/watcher/ros2_ws/install/zed_components/share/zed_components/hook/ld_library_path_lib.sh'
[1.598s] Level 1:colcon.colcon_core.environment:checking '/home/arcs/watcher/ros2_ws/install/zed_components/bin'
[1.598s] Level 1:colcon.colcon_core.environment:checking '/home/arcs/watcher/ros2_ws/install/zed_components/lib/pkgconfig/zed_components.pc'
[1.598s] Level 1:colcon.colcon_core.environment:checking '/home/arcs/watcher/ros2_ws/install/zed_components/lib/python3.10/site-packages'
[1.598s] Level 1:colcon.colcon_core.environment:checking '/home/arcs/watcher/ros2_ws/install/zed_components/bin'
[1.598s] INFO:colcon.colcon_core.shell:Creating package script '/home/arcs/watcher/ros2_ws/install/zed_components/share/zed_components/package.ps1'
[1.599s] INFO:colcon.colcon_core.shell:Creating package descriptor '/home/arcs/watcher/ros2_ws/install/zed_components/share/zed_components/package.dsv'
[1.599s] INFO:colcon.colcon_core.shell:Creating package script '/home/arcs/watcher/ros2_ws/install/zed_components/share/zed_components/package.sh'
[1.599s] INFO:colcon.colcon_core.shell:Creating package script '/home/arcs/watcher/ros2_ws/install/zed_components/share/zed_components/package.bash'
[1.600s] INFO:colcon.colcon_core.shell:Creating package script '/home/arcs/watcher/ros2_ws/install/zed_components/share/zed_components/package.zsh'
[1.600s] Level 1:colcon.colcon_core.environment:create_file_with_runtime_dependencies(/home/arcs/watcher/ros2_ws/install/zed_components/share/colcon-core/packages/zed_components)
[1.600s] INFO:colcon.colcon_ros.task.ament_cmake.build:Building ROS package in '/home/arcs/watcher/ros2_ws/src/zed-ros2-wrapper/zed_wrapper' with build type 'ament_cmake'
[1.600s] INFO:colcon.colcon_cmake.task.cmake.build:Building CMake package in '/home/arcs/watcher/ros2_ws/src/zed-ros2-wrapper/zed_wrapper'
[1.600s] INFO:colcon.colcon_core.shell:Skip shell extension 'powershell' for command environment: Not usable outside of PowerShell
[1.600s] DEBUG:colcon.colcon_core.shell:Skip shell extension 'dsv' for command environment
[1.606s] DEBUG:colcon.colcon_core.event_handler.log_command:Invoking command in '/home/arcs/watcher/ros2_ws/build/zed_wrapper': AMENT_PREFIX_PATH=/home/arcs/watcher/ros2_ws/install/zed_components:${AMENT_PREFIX_PATH} CMAKE_PREFIX_PATH=/home/arcs/watcher/ros2_ws/install/zed_components:/opt/ros/humble LD_LIBRARY_PATH=/home/arcs/watcher/ros2_ws/install/zed_components/lib:${LD_LIBRARY_PATH} /usr/bin/cmake /home/arcs/watcher/ros2_ws/src/zed-ros2-wrapper/zed_wrapper -DAMENT_CMAKE_SYMLINK_INSTALL=1 -DCMAKE_INSTALL_PREFIX=/home/arcs/watcher/ros2_ws/install/zed_wrapper
[2.617s] DEBUG:colcon.colcon_core.event_handler.log_command:Invoked command in '/home/arcs/watcher/ros2_ws/build/zed_wrapper' returned '0': AMENT_PREFIX_PATH=/home/arcs/watcher/ros2_ws/install/zed_components:${AMENT_PREFIX_PATH} CMAKE_PREFIX_PATH=/home/arcs/watcher/ros2_ws/install/zed_components:/opt/ros/humble LD_LIBRARY_PATH=/home/arcs/watcher/ros2_ws/install/zed_components/lib:${LD_LIBRARY_PATH} /usr/bin/cmake /home/arcs/watcher/ros2_ws/src/zed-ros2-wrapper/zed_wrapper -DAMENT_CMAKE_SYMLINK_INSTALL=1 -DCMAKE_INSTALL_PREFIX=/home/arcs/watcher/ros2_ws/install/zed_wrapper
[2.618s] DEBUG:colcon.colcon_core.event_handler.log_command:Invoking command in '/home/arcs/watcher/ros2_ws/build/zed_wrapper': AMENT_PREFIX_PATH=/home/arcs/watcher/ros2_ws/install/zed_components:${AMENT_PREFIX_PATH} CMAKE_PREFIX_PATH=/home/arcs/watcher/ros2_ws/install/zed_components:/opt/ros/humble LD_LIBRARY_PATH=/home/arcs/watcher/ros2_ws/install/zed_components/lib:${LD_LIBRARY_PATH} /usr/bin/cmake --build /home/arcs/watcher/ros2_ws/build/zed_wrapper -- -j12 -l12
[2.643s] DEBUG:colcon.colcon_core.event_handler.log_command:Invoked command in '/home/arcs/watcher/ros2_ws/build/zed_wrapper' returned '0': AMENT_PREFIX_PATH=/home/arcs/watcher/ros2_ws/install/zed_components:${AMENT_PREFIX_PATH} CMAKE_PREFIX_PATH=/home/arcs/watcher/ros2_ws/install/zed_components:/opt/ros/humble LD_LIBRARY_PATH=/home/arcs/watcher/ros2_ws/install/zed_components/lib:${LD_LIBRARY_PATH} /usr/bin/cmake --build /home/arcs/watcher/ros2_ws/build/zed_wrapper -- -j12 -l12
[2.644s] DEBUG:colcon.colcon_core.event_handler.log_command:Invoking command in '/home/arcs/watcher/ros2_ws/build/zed_wrapper': AMENT_PREFIX_PATH=/home/arcs/watcher/ros2_ws/install/zed_components:${AMENT_PREFIX_PATH} CMAKE_PREFIX_PATH=/home/arcs/watcher/ros2_ws/install/zed_components:/opt/ros/humble LD_LIBRARY_PATH=/home/arcs/watcher/ros2_ws/install/zed_components/lib:${LD_LIBRARY_PATH} /usr/bin/cmake --install /home/arcs/watcher/ros2_ws/build/zed_wrapper
[2.818s] Level 1:colcon.colcon_core.environment:create_environment_scripts_only(zed_wrapper)
[2.818s] Level 1:colcon.colcon_core.environment:checking '/home/arcs/watcher/ros2_ws/install/zed_wrapper' for CMake module files
[2.819s] DEBUG:colcon.colcon_core.event_handler.log_command:Invoked command in '/home/arcs/watcher/ros2_ws/build/zed_wrapper' returned '0': AMENT_PREFIX_PATH=/home/arcs/watcher/ros2_ws/install/zed_components:${AMENT_PREFIX_PATH} CMAKE_PREFIX_PATH=/home/arcs/watcher/ros2_ws/install/zed_components:/opt/ros/humble LD_LIBRARY_PATH=/home/arcs/watcher/ros2_ws/install/zed_components/lib:${LD_LIBRARY_PATH} /usr/bin/cmake --install /home/arcs/watcher/ros2_ws/build/zed_wrapper
[2.819s] Level 1:colcon.colcon_core.environment:checking '/home/arcs/watcher/ros2_ws/install/zed_wrapper' for CMake config files
[2.819s] Level 1:colcon.colcon_core.shell:create_environment_hook('zed_wrapper', 'cmake_prefix_path')
[2.819s] INFO:colcon.colcon_core.shell:Creating environment hook '/home/arcs/watcher/ros2_ws/install/zed_wrapper/share/zed_wrapper/hook/cmake_prefix_path.ps1'
[2.820s] INFO:colcon.colcon_core.shell:Creating environment descriptor '/home/arcs/watcher/ros2_ws/install/zed_wrapper/share/zed_wrapper/hook/cmake_prefix_path.dsv'
[2.820s] INFO:colcon.colcon_core.shell:Creating environment hook '/home/arcs/watcher/ros2_ws/install/zed_wrapper/share/zed_wrapper/hook/cmake_prefix_path.sh'
[2.820s] Level 1:colcon.colcon_core.environment:checking '/home/arcs/watcher/ros2_ws/install/zed_wrapper/bin'
[2.820s] Level 1:colcon.colcon_core.environment:checking '/home/arcs/watcher/ros2_ws/install/zed_wrapper/lib/pkgconfig/zed_wrapper.pc'
[2.820s] Level 1:colcon.colcon_core.environment:checking '/home/arcs/watcher/ros2_ws/install/zed_wrapper/lib/python3.10/site-packages'
[2.821s] Level 1:colcon.colcon_core.environment:checking '/home/arcs/watcher/ros2_ws/install/zed_wrapper/bin'
[2.821s] INFO:colcon.colcon_core.shell:Creating package script '/home/arcs/watcher/ros2_ws/install/zed_wrapper/share/zed_wrapper/package.ps1'
[2.821s] INFO:colcon.colcon_core.shell:Creating package descriptor '/home/arcs/watcher/ros2_ws/install/zed_wrapper/share/zed_wrapper/package.dsv'
[2.821s] INFO:colcon.colcon_core.shell:Creating package script '/home/arcs/watcher/ros2_ws/install/zed_wrapper/share/zed_wrapper/package.sh'
[2.822s] INFO:colcon.colcon_core.shell:Creating package script '/home/arcs/watcher/ros2_ws/install/zed_wrapper/share/zed_wrapper/package.bash'
[2.822s] INFO:colcon.colcon_core.shell:Creating package script '/home/arcs/watcher/ros2_ws/install/zed_wrapper/share/zed_wrapper/package.zsh'
[2.822s] Level 1:colcon.colcon_core.environment:create_file_with_runtime_dependencies(/home/arcs/watcher/ros2_ws/install/zed_wrapper/share/colcon-core/packages/zed_wrapper)
[2.823s] Level 1:colcon.colcon_core.environment:create_environment_scripts_only(zed_wrapper)
[2.823s] Level 1:colcon.colcon_core.environment:checking '/home/arcs/watcher/ros2_ws/install/zed_wrapper' for CMake module files
[2.823s] Level 1:colcon.colcon_core.environment:checking '/home/arcs/watcher/ros2_ws/install/zed_wrapper' for CMake config files
[2.823s] Level 1:colcon.colcon_core.shell:create_environment_hook('zed_wrapper', 'cmake_prefix_path')
[2.823s] INFO:colcon.colcon_core.shell:Creating environment hook '/home/arcs/watcher/ros2_ws/install/zed_wrapper/share/zed_wrapper/hook/cmake_prefix_path.ps1'
[2.824s] INFO:colcon.colcon_core.shell:Creating environment descriptor '/home/arcs/watcher/ros2_ws/install/zed_wrapper/share/zed_wrapper/hook/cmake_prefix_path.dsv'
[2.824s] INFO:colcon.colcon_core.shell:Creating environment hook '/home/arcs/watcher/ros2_ws/install/zed_wrapper/share/zed_wrapper/hook/cmake_prefix_path.sh'
[2.824s] Level 1:colcon.colcon_core.environment:checking '/home/arcs/watcher/ros2_ws/install/zed_wrapper/bin'
[2.824s] Level 1:colcon.colcon_core.environment:checking '/home/arcs/watcher/ros2_ws/install/zed_wrapper/lib/pkgconfig/zed_wrapper.pc'
[2.825s] Level 1:colcon.colcon_core.environment:checking '/home/arcs/watcher/ros2_ws/install/zed_wrapper/lib/python3.10/site-packages'
[2.825s] Level 1:colcon.colcon_core.environment:checking '/home/arcs/watcher/ros2_ws/install/zed_wrapper/bin'
[2.825s] INFO:colcon.colcon_core.shell:Creating package script '/home/arcs/watcher/ros2_ws/install/zed_wrapper/share/zed_wrapper/package.ps1'
[2.825s] INFO:colcon.colcon_core.shell:Creating package descriptor '/home/arcs/watcher/ros2_ws/install/zed_wrapper/share/zed_wrapper/package.dsv'
[2.826s] INFO:colcon.colcon_core.shell:Creating package script '/home/arcs/watcher/ros2_ws/install/zed_wrapper/share/zed_wrapper/package.sh'
[2.826s] INFO:colcon.colcon_core.shell:Creating package script '/home/arcs/watcher/ros2_ws/install/zed_wrapper/share/zed_wrapper/package.bash'
[2.826s] INFO:colcon.colcon_core.shell:Creating package script '/home/arcs/watcher/ros2_ws/install/zed_wrapper/share/zed_wrapper/package.zsh'
[2.826s] Level 1:colcon.colcon_core.environment:create_file_with_runtime_dependencies(/home/arcs/watcher/ros2_ws/install/zed_wrapper/share/colcon-core/packages/zed_wrapper)
[2.827s] INFO:colcon.colcon_ros.task.ament_cmake.build:Building ROS package in '/home/arcs/watcher/ros2_ws/src/zed-ros2-wrapper/zed_ros2' with build type 'ament_cmake'
[2.827s] INFO:colcon.colcon_cmake.task.cmake.build:Building CMake package in '/home/arcs/watcher/ros2_ws/src/zed-ros2-wrapper/zed_ros2'
[2.827s] INFO:colcon.colcon_core.shell:Skip shell extension 'powershell' for command environment: Not usable outside of PowerShell
[2.827s] DEBUG:colcon.colcon_core.shell:Skip shell extension 'dsv' for command environment
[2.833s] DEBUG:colcon.colcon_core.event_handler.log_command:Invoking command in '/home/arcs/watcher/ros2_ws/build/zed_ros2': AMENT_PREFIX_PATH=/home/arcs/watcher/ros2_ws/install/zed_wrapper:/home/arcs/watcher/ros2_ws/install/zed_components:${AMENT_PREFIX_PATH} CMAKE_PREFIX_PATH=/home/arcs/watcher/ros2_ws/install/zed_wrapper:/home/arcs/watcher/ros2_ws/install/zed_components:/opt/ros/humble LD_LIBRARY_PATH=/home/arcs/watcher/ros2_ws/install/zed_components/lib:${LD_LIBRARY_PATH} /usr/bin/cmake /home/arcs/watcher/ros2_ws/src/zed-ros2-wrapper/zed_ros2 -DAMENT_CMAKE_SYMLINK_INSTALL=1 -DCMAKE_INSTALL_PREFIX=/home/arcs/watcher/ros2_ws/install/zed_ros2
[3.079s] DEBUG:colcon.colcon_core.event_handler.log_command:Invoked command in '/home/arcs/watcher/ros2_ws/build/zed_ros2' returned '0': AMENT_PREFIX_PATH=/home/arcs/watcher/ros2_ws/install/zed_wrapper:/home/arcs/watcher/ros2_ws/install/zed_components:${AMENT_PREFIX_PATH} CMAKE_PREFIX_PATH=/home/arcs/watcher/ros2_ws/install/zed_wrapper:/home/arcs/watcher/ros2_ws/install/zed_components:/opt/ros/humble LD_LIBRARY_PATH=/home/arcs/watcher/ros2_ws/install/zed_components/lib:${LD_LIBRARY_PATH} /usr/bin/cmake /home/arcs/watcher/ros2_ws/src/zed-ros2-wrapper/zed_ros2 -DAMENT_CMAKE_SYMLINK_INSTALL=1 -DCMAKE_INSTALL_PREFIX=/home/arcs/watcher/ros2_ws/install/zed_ros2
[3.080s] DEBUG:colcon.colcon_core.event_handler.log_command:Invoking command in '/home/arcs/watcher/ros2_ws/build/zed_ros2': AMENT_PREFIX_PATH=/home/arcs/watcher/ros2_ws/install/zed_wrapper:/home/arcs/watcher/ros2_ws/install/zed_components:${AMENT_PREFIX_PATH} CMAKE_PREFIX_PATH=/home/arcs/watcher/ros2_ws/install/zed_wrapper:/home/arcs/watcher/ros2_ws/install/zed_components:/opt/ros/humble LD_LIBRARY_PATH=/home/arcs/watcher/ros2_ws/install/zed_components/lib:${LD_LIBRARY_PATH} /usr/bin/cmake --build /home/arcs/watcher/ros2_ws/build/zed_ros2 -- -j12 -l12
[3.102s] DEBUG:colcon.colcon_core.event_handler.log_command:Invoked command in '/home/arcs/watcher/ros2_ws/build/zed_ros2' returned '0': AMENT_PREFIX_PATH=/home/arcs/watcher/ros2_ws/install/zed_wrapper:/home/arcs/watcher/ros2_ws/install/zed_components:${AMENT_PREFIX_PATH} CMAKE_PREFIX_PATH=/home/arcs/watcher/ros2_ws/install/zed_wrapper:/home/arcs/watcher/ros2_ws/install/zed_components:/opt/ros/humble LD_LIBRARY_PATH=/home/arcs/watcher/ros2_ws/install/zed_components/lib:${LD_LIBRARY_PATH} /usr/bin/cmake --build /home/arcs/watcher/ros2_ws/build/zed_ros2 -- -j12 -l12
[3.103s] DEBUG:colcon.colcon_core.event_handler.log_command:Invoking command in '/home/arcs/watcher/ros2_ws/build/zed_ros2': AMENT_PREFIX_PATH=/home/arcs/watcher/ros2_ws/install/zed_wrapper:/home/arcs/watcher/ros2_ws/install/zed_components:${AMENT_PREFIX_PATH} CMAKE_PREFIX_PATH=/home/arcs/watcher/ros2_ws/install/zed_wrapper:/home/arcs/watcher/ros2_ws/install/zed_components:/opt/ros/humble LD_LIBRARY_PATH=/home/arcs/watcher/ros2_ws/install/zed_components/lib:${LD_LIBRARY_PATH} /usr/bin/cmake --install /home/arcs/watcher/ros2_ws/build/zed_ros2
[3.188s] Level 1:colcon.colcon_core.environment:create_environment_scripts_only(zed_ros2)
[3.188s] Level 1:colcon.colcon_core.environment:checking '/home/arcs/watcher/ros2_ws/install/zed_ros2' for CMake module files
[3.189s] DEBUG:colcon.colcon_core.event_handler.log_command:Invoked command in '/home/arcs/watcher/ros2_ws/build/zed_ros2' returned '0': AMENT_PREFIX_PATH=/home/arcs/watcher/ros2_ws/install/zed_wrapper:/home/arcs/watcher/ros2_ws/install/zed_components:${AMENT_PREFIX_PATH} CMAKE_PREFIX_PATH=/home/arcs/watcher/ros2_ws/install/zed_wrapper:/home/arcs/watcher/ros2_ws/install/zed_components:/opt/ros/humble LD_LIBRARY_PATH=/home/arcs/watcher/ros2_ws/install/zed_components/lib:${LD_LIBRARY_PATH} /usr/bin/cmake --install /home/arcs/watcher/ros2_ws/build/zed_ros2
[3.189s] Level 1:colcon.colcon_core.environment:checking '/home/arcs/watcher/ros2_ws/install/zed_ros2' for CMake config files
[3.189s] Level 1:colcon.colcon_core.shell:create_environment_hook('zed_ros2', 'cmake_prefix_path')
[3.189s] INFO:colcon.colcon_core.shell:Creating environment hook '/home/arcs/watcher/ros2_ws/install/zed_ros2/share/zed_ros2/hook/cmake_prefix_path.ps1'
[3.189s] INFO:colcon.colcon_core.shell:Creating environment descriptor '/home/arcs/watcher/ros2_ws/install/zed_ros2/share/zed_ros2/hook/cmake_prefix_path.dsv'
[3.190s] INFO:colcon.colcon_core.shell:Creating environment hook '/home/arcs/watcher/ros2_ws/install/zed_ros2/share/zed_ros2/hook/cmake_prefix_path.sh'
[3.190s] Level 1:colcon.colcon_core.environment:checking '/home/arcs/watcher/ros2_ws/install/zed_ros2/bin'
[3.190s] Level 1:colcon.colcon_core.environment:checking '/home/arcs/watcher/ros2_ws/install/zed_ros2/lib/pkgconfig/zed_ros2.pc'
[3.190s] Level 1:colcon.colcon_core.environment:checking '/home/arcs/watcher/ros2_ws/install/zed_ros2/lib/python3.10/site-packages'
[3.190s] Level 1:colcon.colcon_core.environment:checking '/home/arcs/watcher/ros2_ws/install/zed_ros2/bin'
[3.191s] INFO:colcon.colcon_core.shell:Creating package script '/home/arcs/watcher/ros2_ws/install/zed_ros2/share/zed_ros2/package.ps1'
[3.191s] INFO:colcon.colcon_core.shell:Creating package descriptor '/home/arcs/watcher/ros2_ws/install/zed_ros2/share/zed_ros2/package.dsv'
[3.191s] INFO:colcon.colcon_core.shell:Creating package script '/home/arcs/watcher/ros2_ws/install/zed_ros2/share/zed_ros2/package.sh'
[3.192s] INFO:colcon.colcon_core.shell:Creating package script '/home/arcs/watcher/ros2_ws/install/zed_ros2/share/zed_ros2/package.bash'
[3.192s] INFO:colcon.colcon_core.shell:Creating package script '/home/arcs/watcher/ros2_ws/install/zed_ros2/share/zed_ros2/package.zsh'
[3.192s] Level 1:colcon.colcon_core.environment:create_file_with_runtime_dependencies(/home/arcs/watcher/ros2_ws/install/zed_ros2/share/colcon-core/packages/zed_ros2)
[3.192s] Level 1:colcon.colcon_core.environment:create_environment_scripts_only(zed_ros2)
[3.193s] Level 1:colcon.colcon_core.environment:checking '/home/arcs/watcher/ros2_ws/install/zed_ros2' for CMake module files
[3.193s] Level 1:colcon.colcon_core.environment:checking '/home/arcs/watcher/ros2_ws/install/zed_ros2' for CMake config files
[3.193s] Level 1:colcon.colcon_core.shell:create_environment_hook('zed_ros2', 'cmake_prefix_path')
[3.193s] INFO:colcon.colcon_core.shell:Creating environment hook '/home/arcs/watcher/ros2_ws/install/zed_ros2/share/zed_ros2/hook/cmake_prefix_path.ps1'
[3.193s] INFO:colcon.colcon_core.shell:Creating environment descriptor '/home/arcs/watcher/ros2_ws/install/zed_ros2/share/zed_ros2/hook/cmake_prefix_path.dsv'
[3.194s] INFO:colcon.colcon_core.shell:Creating environment hook '/home/arcs/watcher/ros2_ws/install/zed_ros2/share/zed_ros2/hook/cmake_prefix_path.sh'
[3.194s] Level 1:colcon.colcon_core.environment:checking '/home/arcs/watcher/ros2_ws/install/zed_ros2/bin'
[3.194s] Level 1:colcon.colcon_core.environment:checking '/home/arcs/watcher/ros2_ws/install/zed_ros2/lib/pkgconfig/zed_ros2.pc'
[3.194s] Level 1:colcon.colcon_core.environment:checking '/home/arcs/watcher/ros2_ws/install/zed_ros2/lib/python3.10/site-packages'
[3.194s] Level 1:colcon.colcon_core.environment:checking '/home/arcs/watcher/ros2_ws/install/zed_ros2/bin'
[3.195s] INFO:colcon.colcon_core.shell:Creating package script '/home/arcs/watcher/ros2_ws/install/zed_ros2/share/zed_ros2/package.ps1'
[3.195s] INFO:colcon.colcon_core.shell:Creating package descriptor '/home/arcs/watcher/ros2_ws/install/zed_ros2/share/zed_ros2/package.dsv'
[3.195s] INFO:colcon.colcon_core.shell:Creating package script '/home/arcs/watcher/ros2_ws/install/zed_ros2/share/zed_ros2/package.sh'
[3.196s] INFO:colcon.colcon_core.shell:Creating package script '/home/arcs/watcher/ros2_ws/install/zed_ros2/share/zed_ros2/package.bash'
[3.196s] INFO:colcon.colcon_core.shell:Creating package script '/home/arcs/watcher/ros2_ws/install/zed_ros2/share/zed_ros2/package.zsh'
[3.196s] Level 1:colcon.colcon_core.environment:create_file_with_runtime_dependencies(/home/arcs/watcher/ros2_ws/install/zed_ros2/share/colcon-core/packages/zed_ros2)
[3.196s] DEBUG:colcon.colcon_parallel_executor.executor.parallel:closing loop
[3.197s] DEBUG:colcon.colcon_parallel_executor.executor.parallel:loop closed
[3.197s] DEBUG:colcon.colcon_parallel_executor.executor.parallel:run_until_complete finished with '0'
[3.197s] DEBUG:colcon.colcon_core.event_reactor:joining thread
[3.200s] INFO:colcon.colcon_core.plugin_system:Skipping extension 'colcon_notification.desktop_notification.terminal_notifier': Not used on non-Darwin systems
[3.200s] INFO:colcon.colcon_core.plugin_system:Skipping extension 'colcon_notification.desktop_notification.win32': Not used on non-Windows systems
[3.200s] INFO:colcon.colcon_notification.desktop_notification:Sending desktop notification using 'notify2'
[3.209s] DEBUG:colcon.colcon_core.event_reactor:joined thread
[3.209s] INFO:colcon.colcon_core.shell:Creating prefix script '/home/arcs/watcher/ros2_ws/install/local_setup.ps1'
[3.210s] INFO:colcon.colcon_core.shell:Creating prefix util module '/home/arcs/watcher/ros2_ws/install/_local_setup_util_ps1.py'
[3.211s] INFO:colcon.colcon_core.shell:Creating prefix chain script '/home/arcs/watcher/ros2_ws/install/setup.ps1'
[3.212s] INFO:colcon.colcon_core.shell:Creating prefix script '/home/arcs/watcher/ros2_ws/install/local_setup.sh'
[3.212s] INFO:colcon.colcon_core.shell:Creating prefix util module '/home/arcs/watcher/ros2_ws/install/_local_setup_util_sh.py'
[3.212s] INFO:colcon.colcon_core.shell:Creating prefix chain script '/home/arcs/watcher/ros2_ws/install/setup.sh'
[3.213s] INFO:colcon.colcon_core.shell:Creating prefix script '/home/arcs/watcher/ros2_ws/install/local_setup.bash'
[3.214s] INFO:colcon.colcon_core.shell:Creating prefix chain script '/home/arcs/watcher/ros2_ws/install/setup.bash'
[3.214s] INFO:colcon.colcon_core.shell:Creating prefix script '/home/arcs/watcher/ros2_ws/install/local_setup.zsh'
[3.215s] INFO:colcon.colcon_core.shell:Creating prefix chain script '/home/arcs/watcher/ros2_ws/install/setup.zsh'
