[0.007s] Invoking command in '/home/arcs/watcher/ros2_ws/build/zed_components': CMAKE_PREFIX_PATH=/opt/ros/humble /usr/bin/cmake /home/arcs/watcher/ros2_ws/src/zed-ros2-wrapper/zed_components -DAMENT_CMAKE_SYMLINK_INSTALL=1 -DCMAKE_INSTALL_PREFIX=/home/arcs/watcher/ros2_ws/install/zed_components
[0.047s] -- Found CUDA: /usr/local/cuda (found suitable version "12.6", minimum required is "12") 
[0.078s] -- Found CUDA: /usr/local/cuda (found version "12.6") 
[0.079s] -- Found ament_cmake_auto: 1.3.11 (/opt/ros/humble/share/ament_cmake_auto/cmake)
[0.176s] -- Override CMake install command with custom implementation using symlinks instead of copying resources
[0.254s] -- Found rosidl_generator_c: 3.1.6 (/opt/ros/humble/share/rosidl_generator_c/cmake)
[0.256s] -- Found rosidl_adapter: 3.1.6 (/opt/ros/humble/share/rosidl_adapter/cmake)
[0.261s] -- Found rosidl_generator_cpp: 3.1.6 (/opt/ros/humble/share/rosidl_generator_cpp/cmake)
[0.268s] -- Using all available rosidl_typesupport_c: rosidl_typesupport_fastrtps_c;rosidl_typesupport_introspection_c
[0.278s] -- Using all available rosidl_typesupport_cpp: rosidl_typesupport_fastrtps_cpp;rosidl_typesupport_introspection_cpp
[0.302s] -- Found rmw_implementation_cmake: 6.1.2 (/opt/ros/humble/share/rmw_implementation_cmake/cmake)
[0.303s] -- Found rmw_fastrtps_cpp: 6.2.7 (/opt/ros/humble/share/rmw_fastrtps_cpp/cmake)
[0.377s] -- Using RMW implementation 'rmw_fastrtps_cpp' as default
[0.567s] -- Found eigen3_cmake_module: 0.1.1 (/opt/ros/humble/share/eigen3_cmake_module/cmake)
[0.568s] -- Ensuring Eigen3 include directory is part of orocos-kdl CMake target
[0.659s] [33mCMake Warning at CMakeLists.txt:122 (find_package):
[0.659s]   By not providing "Findzed_msgs.cmake" in CMAKE_MODULE_PATH this project has
[0.659s]   asked CMake to find a package configuration file provided by "zed_msgs",
[0.659s]   but CMake did not find one.
[0.659s] 
[0.659s]   Could not find a package configuration file provided by "zed_msgs" with any
[0.659s]   of the following names:
[0.659s] 
[0.659s]     zed_msgsConfig.cmake
[0.659s]     zed_msgs-config.cmake
[0.659s] 
[0.660s]   Add the installation prefix of "zed_msgs" to CMAKE_PREFIX_PATH or set
[0.660s]   "zed_msgs_DIR" to a directory containing one of the above files.  If
[0.660s]   "zed_msgs" provides a separate development package or SDK, be sure it has
[0.660s]   been installed.
[0.660s] 
[0.660s] [0m
[0.667s] [31mCMake Error at CMakeLists.txt:139 (find_package):
[0.667s]   By not providing "Findcob_srvs.cmake" in CMAKE_MODULE_PATH this project has
[0.668s]   asked CMake to find a package configuration file provided by "cob_srvs",
[0.668s]   but CMake did not find one.
[0.668s] 
[0.668s]   Could not find a package configuration file provided by "cob_srvs" with any
[0.668s]   of the following names:
[0.668s] 
[0.668s]     cob_srvsConfig.cmake
[0.668s]     cob_srvs-config.cmake
[0.668s] 
[0.668s]   Add the installation prefix of "cob_srvs" to CMAKE_PREFIX_PATH or set
[0.668s]   "cob_srvs_DIR" to a directory containing one of the above files.  If
[0.668s]   "cob_srvs" provides a separate development package or SDK, be sure it has
[0.668s]   been installed.
[0.668s] 
[0.668s] [0m
[0.668s] -- Configuring incomplete, errors occurred!
[0.668s] See also "/home/arcs/watcher/ros2_ws/build/zed_components/CMakeFiles/CMakeOutput.log".
[0.668s] See also "/home/arcs/watcher/ros2_ws/build/zed_components/CMakeFiles/CMakeError.log".
[0.674s] Invoked command in '/home/arcs/watcher/ros2_ws/build/zed_components' returned '1': CMAKE_PREFIX_PATH=/opt/ros/humble /usr/bin/cmake /home/arcs/watcher/ros2_ws/src/zed-ros2-wrapper/zed_components -DAMENT_CMAKE_SYMLINK_INSTALL=1 -DCMAKE_INSTALL_PREFIX=/home/arcs/watcher/ros2_ws/install/zed_components
